2024-05-16 10:32:58.162065 connection.mongo_connection [INFO] Connected to MongoDB
2024-05-16 10:32:58.260301 connection.mysql_connection [INFO] =================================================
2024-05-16 10:32:58.261762 connection.mysql_connection [INFO] our db_config:
2024-05-16 10:32:58.262377 connection.mysql_connection [INFO] host: 20.205.24.18
2024-05-16 10:32:58.262806 connection.mysql_connection [INFO] port: 3306
2024-05-16 10:32:58.263119 connection.mysql_connection [INFO] user: eco
2024-05-16 10:32:58.263479 connection.mysql_connection [INFO] password: ECO4ever
2024-05-16 10:32:58.265333 connection.mysql_connection [INFO] autocommit: True
2024-05-16 10:32:58.265747 connection.mysql_connection [INFO] dictionary mode: False
2024-05-16 10:32:58.266128 connection.mysql_connection [INFO] =================================================
2024-05-16 10:32:58.293557 root [DEBUG] SELECT * FROM ever.GEF_data WHERE Entity = "ASEAN (Ember)" AND Year = 2023;
2024-05-16 10:32:58.316799 root [DEBUG] SELECT * FROM ever.GEF_data WHERE Entity = "Afghanistan" AND Year = 2022;
2024-05-16 10:32:58.338789 root [DEBUG] SELECT * FROM ever.GEF_data WHERE Entity = "Africa" AND Year = 2022;
2024-05-16 10:32:58.361722 root [DEBUG] SELECT * FROM ever.GEF_data WHERE Entity = "Africa (Ember)" AND Year = 2023;
2024-05-16 10:32:58.384538 root [DEBUG] SELECT * FROM ever.GEF_data WHERE Entity = "Albania" AND Year = 2022;
2024-05-16 10:32:58.406914 root [DEBUG] SELECT * FROM ever.GEF_data WHERE Entity = "Algeria" AND Year = 2022;
2024-05-16 10:32:58.429295 root [DEBUG] SELECT * FROM ever.GEF_data WHERE Entity = "American Samoa" AND Year = 2022;
2024-05-16 10:32:58.451790 root [DEBUG] SELECT * FROM ever.GEF_data WHERE Entity = "Angola" AND Year = 2022;
2024-05-16 10:32:58.480285 root [DEBUG] SELECT * FROM ever.GEF_data WHERE Entity = "Antigua and Barbuda" AND Year = 2022;
2024-05-16 10:32:58.503550 root [DEBUG] SELECT * FROM ever.GEF_data WHERE Entity = "Argentina" AND Year = 2023;
2024-05-16 10:32:58.527177 root [DEBUG] SELECT * FROM ever.GEF_data WHERE Entity = "Armenia" AND Year = 2022;
2024-05-16 10:32:58.549784 root [DEBUG] SELECT * FROM ever.GEF_data WHERE Entity = "Aruba" AND Year = 2022;
2024-05-16 10:32:58.577529 root [DEBUG] SELECT * FROM ever.GEF_data WHERE Entity = "Asia" AND Year = 2022;
2024-05-16 10:32:58.599163 root [DEBUG] SELECT * FROM ever.GEF_data WHERE Entity = "Asia (Ember)" AND Year = 2023;
2024-05-16 10:32:58.621766 root [DEBUG] SELECT * FROM ever.GEF_data WHERE Entity = "Australia" AND Year = 2023;
2024-05-16 10:32:58.645730 root [DEBUG] SELECT * FROM ever.GEF_data WHERE Entity = "Austria" AND Year = 2023;
2024-05-16 10:32:58.669040 root [DEBUG] SELECT * FROM ever.GEF_data WHERE Entity = "Azerbaijan" AND Year = 2022;
2024-05-16 10:32:58.692365 root [DEBUG] SELECT * FROM ever.GEF_data WHERE Entity = "Bahamas" AND Year = 2022;
2024-05-16 10:32:58.714892 root [DEBUG] SELECT * FROM ever.GEF_data WHERE Entity = "Bahrain" AND Year = 2022;
2024-05-16 10:32:58.738166 root [DEBUG] SELECT * FROM ever.GEF_data WHERE Entity = "Bangladesh" AND Year = 2023;
2024-05-16 10:32:58.760276 root [DEBUG] SELECT * FROM ever.GEF_data WHERE Entity = "Barbados" AND Year = 2022;
2024-05-16 10:32:58.782794 root [DEBUG] SELECT * FROM ever.GEF_data WHERE Entity = "Belarus" AND Year = 2022;
2024-05-16 10:32:58.805918 root [DEBUG] SELECT * FROM ever.GEF_data WHERE Entity = "Belgium" AND Year = 2023;
2024-05-16 10:32:58.828799 root [DEBUG] SELECT * FROM ever.GEF_data WHERE Entity = "Belize" AND Year = 2022;
2024-05-16 10:32:58.851209 root [DEBUG] SELECT * FROM ever.GEF_data WHERE Entity = "Benin" AND Year = 2022;
2024-05-16 10:32:58.873675 root [DEBUG] SELECT * FROM ever.GEF_data WHERE Entity = "Bermuda" AND Year = 2022;
2024-05-16 10:32:58.896266 root [DEBUG] SELECT * FROM ever.GEF_data WHERE Entity = "Bhutan" AND Year = 2022;
2024-05-16 10:32:58.918400 root [DEBUG] SELECT * FROM ever.GEF_data WHERE Entity = "Bolivia" AND Year = 2023;
2024-05-16 10:32:58.941502 root [DEBUG] SELECT * FROM ever.GEF_data WHERE Entity = "Bosnia and Herzegovina" AND Year = 2023;
2024-05-16 10:32:58.964461 root [DEBUG] SELECT * FROM ever.GEF_data WHERE Entity = "Botswana" AND Year = 2022;
2024-05-16 10:32:58.987162 root [DEBUG] SELECT * FROM ever.GEF_data WHERE Entity = "Brazil" AND Year = 2023;
2024-05-16 10:32:59.009315 root [DEBUG] SELECT * FROM ever.GEF_data WHERE Entity = "British Virgin Islands" AND Year = 2022;
2024-05-16 10:32:59.032782 root [DEBUG] SELECT * FROM ever.GEF_data WHERE Entity = "Brunei" AND Year = 2022;
2024-05-16 10:32:59.056635 root [DEBUG] SELECT * FROM ever.GEF_data WHERE Entity = "Bulgaria" AND Year = 2023;
2024-05-16 10:32:59.078588 root [DEBUG] SELECT * FROM ever.GEF_data WHERE Entity = "Burkina Faso" AND Year = 2022;
2024-05-16 10:32:59.100403 root [DEBUG] SELECT * FROM ever.GEF_data WHERE Entity = "Burundi" AND Year = 2022;
2024-05-16 10:32:59.122508 root [DEBUG] SELECT * FROM ever.GEF_data WHERE Entity = "Cambodia" AND Year = 2022;
2024-05-16 10:32:59.144142 root [DEBUG] SELECT * FROM ever.GEF_data WHERE Entity = "Cameroon" AND Year = 2022;
2024-05-16 10:32:59.167223 root [DEBUG] SELECT * FROM ever.GEF_data WHERE Entity = "Canada" AND Year = 2023;
2024-05-16 10:32:59.189787 root [DEBUG] SELECT * FROM ever.GEF_data WHERE Entity = "Cape Verde" AND Year = 2022;
2024-05-16 10:32:59.212694 root [DEBUG] SELECT * FROM ever.GEF_data WHERE Entity = "Cayman Islands" AND Year = 2022;
2024-05-16 10:32:59.238595 root [DEBUG] SELECT * FROM ever.GEF_data WHERE Entity = "Central African Republic" AND Year = 2022;
2024-05-16 10:32:59.272456 root [DEBUG] SELECT * FROM ever.GEF_data WHERE Entity = "Chad" AND Year = 2022;
2024-05-16 10:32:59.306860 root [DEBUG] SELECT * FROM ever.GEF_data WHERE Entity = "Chile" AND Year = 2023;
2024-05-16 10:32:59.332159 root [DEBUG] SELECT * FROM ever.GEF_data WHERE Entity = "China" AND Year = 2023;
2024-05-16 10:32:59.358269 root [DEBUG] SELECT * FROM ever.GEF_data WHERE Entity = "Colombia" AND Year = 2023;
2024-05-16 10:32:59.381103 root [DEBUG] SELECT * FROM ever.GEF_data WHERE Entity = "Comoros" AND Year = 2022;
2024-05-16 10:32:59.406962 root [DEBUG] SELECT * FROM ever.GEF_data WHERE Entity = "Congo" AND Year = 2022;
2024-05-16 10:32:59.429788 root [DEBUG] SELECT * FROM ever.GEF_data WHERE Entity = "Cook Islands" AND Year = 2022;
2024-05-16 10:32:59.453232 root [DEBUG] SELECT * FROM ever.GEF_data WHERE Entity = "Costa Rica" AND Year = 2023;
2024-05-16 10:32:59.476522 root [DEBUG] SELECT * FROM ever.GEF_data WHERE Entity = "Cote d'Ivoire" AND Year = 2022;
2024-05-16 10:32:59.499564 root [DEBUG] SELECT * FROM ever.GEF_data WHERE Entity = "Croatia" AND Year = 2023;
2024-05-16 10:32:59.523627 root [DEBUG] SELECT * FROM ever.GEF_data WHERE Entity = "Cuba" AND Year = 2022;
2024-05-16 10:32:59.547805 root [DEBUG] SELECT * FROM ever.GEF_data WHERE Entity = "Cyprus" AND Year = 2023;
2024-05-16 10:32:59.570679 root [DEBUG] SELECT * FROM ever.GEF_data WHERE Entity = "Czechia" AND Year = 2023;
2024-05-16 10:32:59.593496 root [DEBUG] SELECT * FROM ever.GEF_data WHERE Entity = "Democratic Republic of Congo" AND Year = 2022;
2024-05-16 10:32:59.617804 root [DEBUG] SELECT * FROM ever.GEF_data WHERE Entity = "Denmark" AND Year = 2023;
2024-05-16 10:32:59.640594 root [DEBUG] SELECT * FROM ever.GEF_data WHERE Entity = "Djibouti" AND Year = 2022;
2024-05-16 10:32:59.663784 root [DEBUG] SELECT * FROM ever.GEF_data WHERE Entity = "Dominica" AND Year = 2022;
2024-05-16 10:32:59.687494 root [DEBUG] SELECT * FROM ever.GEF_data WHERE Entity = "Dominican Republic" AND Year = 2022;
2024-05-16 10:32:59.711573 root [DEBUG] SELECT * FROM ever.GEF_data WHERE Entity = "East Timor" AND Year = 2022;
2024-05-16 10:32:59.734818 root [DEBUG] SELECT * FROM ever.GEF_data WHERE Entity = "Ecuador" AND Year = 2023;
2024-05-16 10:32:59.759132 root [DEBUG] SELECT * FROM ever.GEF_data WHERE Entity = "Egypt" AND Year = 2023;
2024-05-16 10:32:59.783001 root [DEBUG] SELECT * FROM ever.GEF_data WHERE Entity = "El Salvador" AND Year = 2023;
2024-05-16 10:32:59.805463 root [DEBUG] SELECT * FROM ever.GEF_data WHERE Entity = "Equatorial Guinea" AND Year = 2022;
2024-05-16 10:32:59.828016 root [DEBUG] SELECT * FROM ever.GEF_data WHERE Entity = "Eritrea" AND Year = 2022;
2024-05-16 10:32:59.855236 root [DEBUG] SELECT * FROM ever.GEF_data WHERE Entity = "Estonia" AND Year = 2023;
2024-05-16 10:32:59.877542 root [DEBUG] SELECT * FROM ever.GEF_data WHERE Entity = "Eswatini" AND Year = 2022;
2024-05-16 10:32:59.899325 root [DEBUG] SELECT * FROM ever.GEF_data WHERE Entity = "Ethiopia" AND Year = 2022;
2024-05-16 10:32:59.921583 root [DEBUG] SELECT * FROM ever.GEF_data WHERE Entity = "Europe" AND Year = 2022;
2024-05-16 10:32:59.943073 root [DEBUG] SELECT * FROM ever.GEF_data WHERE Entity = "Europe (Ember)" AND Year = 2023;
2024-05-16 10:32:59.965331 root [DEBUG] SELECT * FROM ever.GEF_data WHERE Entity = "European Union (27)" AND Year = 2022;
2024-05-16 10:32:59.987300 root [DEBUG] SELECT * FROM ever.GEF_data WHERE Entity = "Falkland Islands" AND Year = 2022;
2024-05-16 10:33:00.028591 root [DEBUG] SELECT * FROM ever.GEF_data WHERE Entity = "Faroe Islands" AND Year = 2022;
2024-05-16 10:33:00.055310 root [DEBUG] SELECT * FROM ever.GEF_data WHERE Entity = "Fiji" AND Year = 2022;
2024-05-16 10:33:00.084784 root [DEBUG] SELECT * FROM ever.GEF_data WHERE Entity = "Finland" AND Year = 2023;
2024-05-16 10:33:00.113384 root [DEBUG] SELECT * FROM ever.GEF_data WHERE Entity = "France" AND Year = 2023;
2024-05-16 10:33:00.138863 root [DEBUG] SELECT * FROM ever.GEF_data WHERE Entity = "French Guiana" AND Year = 2021;
2024-05-16 10:33:00.163977 root [DEBUG] SELECT * FROM ever.GEF_data WHERE Entity = "French Polynesia" AND Year = 2022;
2024-05-16 10:33:00.186820 root [DEBUG] SELECT * FROM ever.GEF_data WHERE Entity = "G20 (Ember)" AND Year = 2023;
2024-05-16 10:33:00.209860 root [DEBUG] SELECT * FROM ever.GEF_data WHERE Entity = "G7 (Ember)" AND Year = 2023;
2024-05-16 10:33:00.231813 root [DEBUG] SELECT * FROM ever.GEF_data WHERE Entity = "Gabon" AND Year = 2022;
2024-05-16 10:33:00.255109 root [DEBUG] SELECT * FROM ever.GEF_data WHERE Entity = "Gambia" AND Year = 2022;
2024-05-16 10:33:00.279344 root [DEBUG] SELECT * FROM ever.GEF_data WHERE Entity = "Georgia" AND Year = 2023;
2024-05-16 10:33:00.302732 root [DEBUG] SELECT * FROM ever.GEF_data WHERE Entity = "Germany" AND Year = 2023;
2024-05-16 10:33:00.325490 root [DEBUG] SELECT * FROM ever.GEF_data WHERE Entity = "Ghana" AND Year = 2022;
2024-05-16 10:33:00.347189 root [DEBUG] SELECT * FROM ever.GEF_data WHERE Entity = "Gibraltar" AND Year = 2022;
2024-05-16 10:33:00.370481 root [DEBUG] SELECT * FROM ever.GEF_data WHERE Entity = "Greece" AND Year = 2023;
2024-05-16 10:33:00.392461 root [DEBUG] SELECT * FROM ever.GEF_data WHERE Entity = "Greenland" AND Year = 2022;
2024-05-16 10:33:00.414556 root [DEBUG] SELECT * FROM ever.GEF_data WHERE Entity = "Grenada" AND Year = 2022;
2024-05-16 10:33:00.437946 root [DEBUG] SELECT * FROM ever.GEF_data WHERE Entity = "Guadeloupe" AND Year = 2021;
2024-05-16 10:33:00.460221 root [DEBUG] SELECT * FROM ever.GEF_data WHERE Entity = "Guam" AND Year = 2022;
2024-05-16 10:33:00.483269 root [DEBUG] SELECT * FROM ever.GEF_data WHERE Entity = "Guatemala" AND Year = 2022;
2024-05-16 10:33:00.505631 root [DEBUG] SELECT * FROM ever.GEF_data WHERE Entity = "Guinea" AND Year = 2022;
2024-05-16 10:33:00.528474 root [DEBUG] SELECT * FROM ever.GEF_data WHERE Entity = "Guinea-Bissau" AND Year = 2022;
2024-05-16 10:33:00.550794 root [DEBUG] SELECT * FROM ever.GEF_data WHERE Entity = "Guyana" AND Year = 2022;
2024-05-16 10:33:00.573808 root [DEBUG] SELECT * FROM ever.GEF_data WHERE Entity = "Haiti" AND Year = 2022;
2024-05-16 10:33:00.606890 root [DEBUG] SELECT * FROM ever.GEF_data WHERE Entity = "High-income countries" AND Year = 2022;
2024-05-16 10:33:00.658143 root [DEBUG] SELECT * FROM ever.GEF_data WHERE Entity = "Honduras" AND Year = 2022;
2024-05-16 10:33:00.688528 root [DEBUG] SELECT * FROM ever.GEF_data WHERE Entity = "Hong Kong" AND Year = 2022;
2024-05-16 10:33:00.710865 root [DEBUG] SELECT * FROM ever.GEF_data WHERE Entity = "Hungary" AND Year = 2023;
2024-05-16 10:33:00.734469 root [DEBUG] SELECT * FROM ever.GEF_data WHERE Entity = "Iceland" AND Year = 2022;
2024-05-16 10:33:00.797426 root [DEBUG] SELECT * FROM ever.GEF_data WHERE Entity = "India" AND Year = 2023;
2024-05-16 10:33:00.826941 root [DEBUG] SELECT * FROM ever.GEF_data WHERE Entity = "Indonesia" AND Year = 2022;
2024-05-16 10:33:00.853928 root [DEBUG] SELECT * FROM ever.GEF_data WHERE Entity = "Iran" AND Year = 2023;
2024-05-16 10:33:00.878897 root [DEBUG] SELECT * FROM ever.GEF_data WHERE Entity = "Iraq" AND Year = 2022;
2024-05-16 10:33:00.915833 root [DEBUG] SELECT * FROM ever.GEF_data WHERE Entity = "Ireland" AND Year = 2023;
2024-05-16 10:33:00.970939 root [DEBUG] SELECT * FROM ever.GEF_data WHERE Entity = "Israel" AND Year = 2022;
2024-05-16 10:33:00.993501 root [DEBUG] SELECT * FROM ever.GEF_data WHERE Entity = "Italy" AND Year = 2023;
2024-05-16 10:33:01.021054 root [DEBUG] SELECT * FROM ever.GEF_data WHERE Entity = "Jamaica" AND Year = 2022;
2024-05-16 10:33:01.043925 root [DEBUG] SELECT * FROM ever.GEF_data WHERE Entity = "Japan" AND Year = 2023;
2024-05-16 10:33:01.069419 root [DEBUG] SELECT * FROM ever.GEF_data WHERE Entity = "Jordan" AND Year = 2022;
2024-05-16 10:33:01.095317 root [DEBUG] SELECT * FROM ever.GEF_data WHERE Entity = "Kazakhstan" AND Year = 2023;
2024-05-16 10:33:01.117470 root [DEBUG] SELECT * FROM ever.GEF_data WHERE Entity = "Kenya" AND Year = 2023;
2024-05-16 10:33:01.139021 root [DEBUG] SELECT * FROM ever.GEF_data WHERE Entity = "Kiribati" AND Year = 2022;
2024-05-16 10:33:01.167036 root [DEBUG] SELECT * FROM ever.GEF_data WHERE Entity = "Kosovo" AND Year = 2023;
2024-05-16 10:33:01.189661 root [DEBUG] SELECT * FROM ever.GEF_data WHERE Entity = "Kuwait" AND Year = 2023;
2024-05-16 10:33:01.211698 root [DEBUG] SELECT * FROM ever.GEF_data WHERE Entity = "Kyrgyzstan" AND Year = 2022;
2024-05-16 10:33:01.237350 root [DEBUG] SELECT * FROM ever.GEF_data WHERE Entity = "Laos" AND Year = 2022;
2024-05-16 10:33:01.262009 root [DEBUG] SELECT * FROM ever.GEF_data WHERE Entity = "Latin America and Caribbean (Ember)" AND Year = 2023;
2024-05-16 10:33:01.287436 root [DEBUG] SELECT * FROM ever.GEF_data WHERE Entity = "Latvia" AND Year = 2023;
2024-05-16 10:33:01.309976 root [DEBUG] SELECT * FROM ever.GEF_data WHERE Entity = "Lebanon" AND Year = 2022;
2024-05-16 10:33:01.332624 root [DEBUG] SELECT * FROM ever.GEF_data WHERE Entity = "Lesotho" AND Year = 2022;
2024-05-16 10:33:01.357289 root [DEBUG] SELECT * FROM ever.GEF_data WHERE Entity = "Liberia" AND Year = 2022;
2024-05-16 10:33:01.379556 root [DEBUG] SELECT * FROM ever.GEF_data WHERE Entity = "Libya" AND Year = 2022;
2024-05-16 10:33:01.402431 root [DEBUG] SELECT * FROM ever.GEF_data WHERE Entity = "Lithuania" AND Year = 2023;
2024-05-16 10:33:01.427337 root [DEBUG] SELECT * FROM ever.GEF_data WHERE Entity = "Low-income countries" AND Year = 2022;
2024-05-16 10:33:01.454721 root [DEBUG] SELECT * FROM ever.GEF_data WHERE Entity = "Lower-middle-income countries" AND Year = 2022;
2024-05-16 10:33:01.477384 root [DEBUG] SELECT * FROM ever.GEF_data WHERE Entity = "Luxembourg" AND Year = 2023;
2024-05-16 10:33:01.511123 root [DEBUG] SELECT * FROM ever.GEF_data WHERE Entity = "Macao" AND Year = 2022;
2024-05-16 10:33:01.533887 root [DEBUG] SELECT * FROM ever.GEF_data WHERE Entity = "Madagascar" AND Year = 2022;
2024-05-16 10:33:01.556632 root [DEBUG] SELECT * FROM ever.GEF_data WHERE Entity = "Malawi" AND Year = 2022;
2024-05-16 10:33:01.589002 root [DEBUG] SELECT * FROM ever.GEF_data WHERE Entity = "Malaysia" AND Year = 2022;
2024-05-16 10:33:01.612976 root [DEBUG] SELECT * FROM ever.GEF_data WHERE Entity = "Maldives" AND Year = 2022;
2024-05-16 10:33:01.636534 root [DEBUG] SELECT * FROM ever.GEF_data WHERE Entity = "Mali" AND Year = 2022;
2024-05-16 10:33:01.659783 root [DEBUG] SELECT * FROM ever.GEF_data WHERE Entity = "Malta" AND Year = 2023;
2024-05-16 10:33:01.683408 root [DEBUG] SELECT * FROM ever.GEF_data WHERE Entity = "Martinique" AND Year = 2021;
2024-05-16 10:33:01.704977 root [DEBUG] SELECT * FROM ever.GEF_data WHERE Entity = "Mauritania" AND Year = 2022;
2024-05-16 10:33:01.728718 root [DEBUG] SELECT * FROM ever.GEF_data WHERE Entity = "Mauritius" AND Year = 2022;
2024-05-16 10:33:01.750976 root [DEBUG] SELECT * FROM ever.GEF_data WHERE Entity = "Mexico" AND Year = 2023;
2024-05-16 10:33:01.779521 root [DEBUG] SELECT * FROM ever.GEF_data WHERE Entity = "Middle East (Ember)" AND Year = 2023;
2024-05-16 10:33:01.812311 root [DEBUG] SELECT * FROM ever.GEF_data WHERE Entity = "Moldova" AND Year = 2023;
2024-05-16 10:33:01.836756 root [DEBUG] SELECT * FROM ever.GEF_data WHERE Entity = "Mongolia" AND Year = 2023;
2024-05-16 10:33:01.858559 root [DEBUG] SELECT * FROM ever.GEF_data WHERE Entity = "Montenegro" AND Year = 2023;
2024-05-16 10:33:01.883181 root [DEBUG] SELECT * FROM ever.GEF_data WHERE Entity = "Montserrat" AND Year = 2022;
2024-05-16 10:33:01.908578 root [DEBUG] SELECT * FROM ever.GEF_data WHERE Entity = "Morocco" AND Year = 2023;
2024-05-16 10:33:01.931783 root [DEBUG] SELECT * FROM ever.GEF_data WHERE Entity = "Mozambique" AND Year = 2022;
2024-05-16 10:33:01.955833 root [DEBUG] SELECT * FROM ever.GEF_data WHERE Entity = "Myanmar" AND Year = 2023;
2024-05-16 10:33:01.986890 root [DEBUG] SELECT * FROM ever.GEF_data WHERE Entity = "Namibia" AND Year = 2022;
2024-05-16 10:33:02.010019 root [DEBUG] SELECT * FROM ever.GEF_data WHERE Entity = "Nauru" AND Year = 2022;
2024-05-16 10:33:02.032868 root [DEBUG] SELECT * FROM ever.GEF_data WHERE Entity = "Nepal" AND Year = 2022;
2024-05-16 10:33:02.056782 root [DEBUG] SELECT * FROM ever.GEF_data WHERE Entity = "Netherlands" AND Year = 2023;
2024-05-16 10:33:02.078613 root [DEBUG] SELECT * FROM ever.GEF_data WHERE Entity = "New Caledonia" AND Year = 2022;
2024-05-16 10:33:02.100531 root [DEBUG] SELECT * FROM ever.GEF_data WHERE Entity = "New Zealand" AND Year = 2023;
2024-05-16 10:33:02.123508 root [DEBUG] SELECT * FROM ever.GEF_data WHERE Entity = "Nicaragua" AND Year = 2022;
2024-05-16 10:33:02.148057 root [DEBUG] SELECT * FROM ever.GEF_data WHERE Entity = "Niger" AND Year = 2022;
2024-05-16 10:33:02.170686 root [DEBUG] SELECT * FROM ever.GEF_data WHERE Entity = "Nigeria" AND Year = 2023;
2024-05-16 10:33:02.194943 root [DEBUG] SELECT * FROM ever.GEF_data WHERE Entity = "North America" AND Year = 2022;
2024-05-16 10:33:02.216477 root [DEBUG] SELECT * FROM ever.GEF_data WHERE Entity = "North America (Ember)" AND Year = 2023;
2024-05-16 10:33:02.242843 root [DEBUG] SELECT * FROM ever.GEF_data WHERE Entity = "North Korea" AND Year = 2022;
2024-05-16 10:33:02.296620 root [DEBUG] SELECT * FROM ever.GEF_data WHERE Entity = "North Macedonia" AND Year = 2023;
2024-05-16 10:33:02.330073 root [DEBUG] SELECT * FROM ever.GEF_data WHERE Entity = "Norway" AND Year = 2023;
2024-05-16 10:33:02.356602 root [DEBUG] SELECT * FROM ever.GEF_data WHERE Entity = "OECD (Ember)" AND Year = 2023;
2024-05-16 10:33:02.378509 root [DEBUG] SELECT * FROM ever.GEF_data WHERE Entity = "Oceania" AND Year = 2022;
2024-05-16 10:33:02.403849 root [DEBUG] SELECT * FROM ever.GEF_data WHERE Entity = "Oceania (Ember)" AND Year = 2023;
2024-05-16 10:33:02.426560 root [DEBUG] SELECT * FROM ever.GEF_data WHERE Entity = "Oman" AND Year = 2023;
2024-05-16 10:33:02.449320 root [DEBUG] SELECT * FROM ever.GEF_data WHERE Entity = "Pakistan" AND Year = 2023;
2024-05-16 10:33:02.471432 root [DEBUG] SELECT * FROM ever.GEF_data WHERE Entity = "Palestine" AND Year = 2022;
2024-05-16 10:33:02.494320 root [DEBUG] SELECT * FROM ever.GEF_data WHERE Entity = "Panama" AND Year = 2022;
2024-05-16 10:33:02.516769 root [DEBUG] SELECT * FROM ever.GEF_data WHERE Entity = "Papua New Guinea" AND Year = 2022;
2024-05-16 10:33:02.569643 root [DEBUG] SELECT * FROM ever.GEF_data WHERE Entity = "Paraguay" AND Year = 2023;
2024-05-16 10:33:02.603644 root [DEBUG] SELECT * FROM ever.GEF_data WHERE Entity = "Peru" AND Year = 2023;
2024-05-16 10:33:02.626167 root [DEBUG] SELECT * FROM ever.GEF_data WHERE Entity = "Philippines" AND Year = 2023;
2024-05-16 10:33:02.650924 root [DEBUG] SELECT * FROM ever.GEF_data WHERE Entity = "Poland" AND Year = 2023;
2024-05-16 10:33:02.679199 root [DEBUG] SELECT * FROM ever.GEF_data WHERE Entity = "Portugal" AND Year = 2023;
2024-05-16 10:33:02.702241 root [DEBUG] SELECT * FROM ever.GEF_data WHERE Entity = "Puerto Rico" AND Year = 2022;
2024-05-16 10:33:02.729518 root [DEBUG] SELECT * FROM ever.GEF_data WHERE Entity = "Qatar" AND Year = 2023;
2024-05-16 10:33:02.755299 root [DEBUG] SELECT * FROM ever.GEF_data WHERE Entity = "Reunion" AND Year = 2021;
2024-05-16 10:33:02.796062 root [DEBUG] SELECT * FROM ever.GEF_data WHERE Entity = "Romania" AND Year = 2023;
2024-05-16 10:33:02.828525 root [DEBUG] SELECT * FROM ever.GEF_data WHERE Entity = "Russia" AND Year = 2023;
2024-05-16 10:33:02.850539 root [DEBUG] SELECT * FROM ever.GEF_data WHERE Entity = "Rwanda" AND Year = 2022;
2024-05-16 10:33:02.872070 root [DEBUG] SELECT * FROM ever.GEF_data WHERE Entity = "Saint Helena" AND Year = 2022;
2024-05-16 10:33:02.900441 root [DEBUG] SELECT * FROM ever.GEF_data WHERE Entity = "Saint Kitts and Nevis" AND Year = 2022;
2024-05-16 10:33:02.922432 root [DEBUG] SELECT * FROM ever.GEF_data WHERE Entity = "Saint Lucia" AND Year = 2022;
2024-05-16 10:33:02.944398 root [DEBUG] SELECT * FROM ever.GEF_data WHERE Entity = "Saint Pierre and Miquelon" AND Year = 2022;
2024-05-16 10:33:02.970802 root [DEBUG] SELECT * FROM ever.GEF_data WHERE Entity = "Saint Vincent and the Grenadines" AND Year = 2022;
2024-05-16 10:33:02.992701 root [DEBUG] SELECT * FROM ever.GEF_data WHERE Entity = "Samoa" AND Year = 2022;
2024-05-16 10:33:03.018709 root [DEBUG] SELECT * FROM ever.GEF_data WHERE Entity = "Sao Tome and Principe" AND Year = 2022;
2024-05-16 10:33:03.041439 root [DEBUG] SELECT * FROM ever.GEF_data WHERE Entity = "Saudi Arabia" AND Year = 2022;
2024-05-16 10:33:03.065154 root [DEBUG] SELECT * FROM ever.GEF_data WHERE Entity = "Senegal" AND Year = 2022;
2024-05-16 10:33:03.092996 root [DEBUG] SELECT * FROM ever.GEF_data WHERE Entity = "Serbia" AND Year = 2023;
2024-05-16 10:33:03.117133 root [DEBUG] SELECT * FROM ever.GEF_data WHERE Entity = "Seychelles" AND Year = 2022;
2024-05-16 10:33:03.139375 root [DEBUG] SELECT * FROM ever.GEF_data WHERE Entity = "Sierra Leone" AND Year = 2022;
2024-05-16 10:33:03.161740 root [DEBUG] SELECT * FROM ever.GEF_data WHERE Entity = "Singapore" AND Year = 2023;
2024-05-16 10:33:03.184437 root [DEBUG] SELECT * FROM ever.GEF_data WHERE Entity = "Slovakia" AND Year = 2023;
2024-05-16 10:33:03.217450 root [DEBUG] SELECT * FROM ever.GEF_data WHERE Entity = "Slovenia" AND Year = 2023;
2024-05-16 10:33:03.239589 root [DEBUG] SELECT * FROM ever.GEF_data WHERE Entity = "Solomon Islands" AND Year = 2022;
2024-05-16 10:33:03.266618 root [DEBUG] SELECT * FROM ever.GEF_data WHERE Entity = "Somalia" AND Year = 2022;
2024-05-16 10:33:03.291734 root [DEBUG] SELECT * FROM ever.GEF_data WHERE Entity = "South Africa" AND Year = 2023;
2024-05-16 10:33:03.314588 root [DEBUG] SELECT * FROM ever.GEF_data WHERE Entity = "South America" AND Year = 2022;
2024-05-16 10:33:03.343577 root [DEBUG] SELECT * FROM ever.GEF_data WHERE Entity = "South Korea" AND Year = 2023;
2024-05-16 10:33:03.366169 root [DEBUG] SELECT * FROM ever.GEF_data WHERE Entity = "South Sudan" AND Year = 2022;
2024-05-16 10:33:03.394547 root [DEBUG] SELECT * FROM ever.GEF_data WHERE Entity = "Spain" AND Year = 2023;
2024-05-16 10:33:03.416545 root [DEBUG] SELECT * FROM ever.GEF_data WHERE Entity = "Sri Lanka" AND Year = 2022;
2024-05-16 10:33:03.439062 root [DEBUG] SELECT * FROM ever.GEF_data WHERE Entity = "Sudan" AND Year = 2022;
2024-05-16 10:33:03.462061 root [DEBUG] SELECT * FROM ever.GEF_data WHERE Entity = "Suriname" AND Year = 2022;
2024-05-16 10:33:03.484389 root [DEBUG] SELECT * FROM ever.GEF_data WHERE Entity = "Sweden" AND Year = 2023;
2024-05-16 10:33:03.511980 root [DEBUG] SELECT * FROM ever.GEF_data WHERE Entity = "Switzerland" AND Year = 2023;
2024-05-16 10:33:03.539053 root [DEBUG] SELECT * FROM ever.GEF_data WHERE Entity = "Syria" AND Year = 2022;
2024-05-16 10:33:03.561729 root [DEBUG] SELECT * FROM ever.GEF_data WHERE Entity = "Taiwan" AND Year = 2023;
2024-05-16 10:33:03.585082 root [DEBUG] SELECT * FROM ever.GEF_data WHERE Entity = "Tajikistan" AND Year = 2022;
2024-05-16 10:33:03.608741 root [DEBUG] SELECT * FROM ever.GEF_data WHERE Entity = "Tanzania" AND Year = 2022;
2024-05-16 10:33:03.643583 root [DEBUG] SELECT * FROM ever.GEF_data WHERE Entity = "Thailand" AND Year = 2023;
2024-05-16 10:33:03.666585 root [DEBUG] SELECT * FROM ever.GEF_data WHERE Entity = "Togo" AND Year = 2022;
2024-05-16 10:33:03.690080 root [DEBUG] SELECT * FROM ever.GEF_data WHERE Entity = "Tonga" AND Year = 2022;
2024-05-16 10:33:03.732682 root [DEBUG] SELECT * FROM ever.GEF_data WHERE Entity = "Trinidad and Tobago" AND Year = 2022;
2024-05-16 10:33:03.772697 root [DEBUG] SELECT * FROM ever.GEF_data WHERE Entity = "Tunisia" AND Year = 2023;
2024-05-16 10:33:03.802670 root [DEBUG] SELECT * FROM ever.GEF_data WHERE Entity = "Turkey" AND Year = 2023;
2024-05-16 10:33:03.826958 root [DEBUG] SELECT * FROM ever.GEF_data WHERE Entity = "Turkmenistan" AND Year = 2022;
2024-05-16 10:33:03.853067 root [DEBUG] SELECT * FROM ever.GEF_data WHERE Entity = "Turks and Caicos Islands" AND Year = 2022;
2024-05-16 10:33:03.882312 root [DEBUG] SELECT * FROM ever.GEF_data WHERE Entity = "Uganda" AND Year = 2022;
2024-05-16 10:33:03.905472 root [DEBUG] SELECT * FROM ever.GEF_data WHERE Entity = "Ukraine" AND Year = 2022;
2024-05-16 10:33:03.930379 root [DEBUG] SELECT * FROM ever.GEF_data WHERE Entity = "United Arab Emirates" AND Year = 2022;
2024-05-16 10:33:03.957639 root [DEBUG] SELECT * FROM ever.GEF_data WHERE Entity = "United Kingdom" AND Year = 2023;
2024-05-16 10:33:03.978944 root [DEBUG] SELECT * FROM ever.GEF_data WHERE Entity = "United States" AND Year = 2023;
2024-05-16 10:33:04.005675 root [DEBUG] SELECT * FROM ever.GEF_data WHERE Entity = "United States Virgin Islands" AND Year = 2022;
2024-05-16 10:33:04.036593 root [DEBUG] SELECT * FROM ever.GEF_data WHERE Entity = "Upper-middle-income countries" AND Year = 2022;
2024-05-16 10:33:04.063760 root [DEBUG] SELECT * FROM ever.GEF_data WHERE Entity = "Uruguay" AND Year = 2023;
2024-05-16 10:33:04.094000 root [DEBUG] SELECT * FROM ever.GEF_data WHERE Entity = "Uzbekistan" AND Year = 2022;
2024-05-16 10:33:04.116320 root [DEBUG] SELECT * FROM ever.GEF_data WHERE Entity = "Vanuatu" AND Year = 2022;
2024-05-16 10:33:04.141723 root [DEBUG] SELECT * FROM ever.GEF_data WHERE Entity = "Venezuela" AND Year = 2022;
2024-05-16 10:33:04.165825 root [DEBUG] SELECT * FROM ever.GEF_data WHERE Entity = "Vietnam" AND Year = 2023;
2024-05-16 10:33:04.197103 root [DEBUG] SELECT * FROM ever.GEF_data WHERE Entity = "Western Sahara" AND Year = 2009;
2024-05-16 10:33:04.219458 root [DEBUG] SELECT * FROM ever.GEF_data WHERE Entity = "World" AND Year = 2023;
2024-05-16 10:33:04.244644 root [DEBUG] SELECT * FROM ever.GEF_data WHERE Entity = "Yemen" AND Year = 2022;
2024-05-16 10:33:04.271925 root [DEBUG] SELECT * FROM ever.GEF_data WHERE Entity = "Zambia" AND Year = 2022;
2024-05-16 10:33:04.312555 root [DEBUG] SELECT * FROM ever.GEF_data WHERE Entity = "Zimbabwe" AND Year = 2022;
2024-05-16 10:33:04.340003 pymongo.serverSelection [DEBUG] {"message": "Server selection started", "selector": "<function writable_server_selector at 0x7ff7f0d7fd90>", "operation": "insert", "topologyDescription": "<TopologyDescription id: 6645705a7119ec564b9b992d, topology_type: Single, servers: [<ServerDescription ('4.145.84.18', 27017) server_type: Standalone, rtt: 0.053399536999677366>]>", "clientId": {"$oid": "6645705a7119ec564b9b992d"}}
2024-05-16 10:33:04.341028 pymongo.serverSelection [DEBUG] {"message": "Server selection succeeded", "selector": "<function writable_server_selector at 0x7ff7f0d7fd90>", "operation": "insert", "topologyDescription": "<TopologyDescription id: 6645705a7119ec564b9b992d, topology_type: Single, servers: [<ServerDescription ('4.145.84.18', 27017) server_type: Standalone, rtt: 0.053399536999677366>]>", "clientId": {"$oid": "6645705a7119ec564b9b992d"}, "serverHost": "4.145.84.18", "serverPort": 27017}
2024-05-16 10:33:04.522668 pymongo.command [DEBUG] {"clientId": {"$oid": "6645705a7119ec564b9b992d"}, "message": "Command started", "command": "{\"insert\": \"cal_approaches\", \"ordered\": true, \"lsid\": {\"id\": {\"$binary\": {\"base64\": \"linYIYJESUm84q1UXma0vA==\", \"subType\": \"04\"}}}, \"$db\": \"db_dev_v1\", \"documents\": [{\"type\": \"Location Based\", \"methods\": [{\"sourceOfEmission\": \"ASEAN (Ember)\", \"co2Factor\": 0.5712219000000001, \"baseUnit\": \"kWh\", \"source\": \"GEF\", \"urlName\": \"GEF\", \"sheetName\": \"carbon-intensity-electricity\", \"file\": \"./upload/ef/carbon-intensity-electricity.csv\", \"link\": \"https://ourworldindata.org/grapher/carbon-intensity-electricity\", \"year\": \"2023\", \"emissionUnit\": \"kgCO\u2082\", \"ch4Unit\": \"kgCH\u2084\", \"n2oUnit\": \"kgN\u2082O\"}, {\"sourceOfEmission\": \"Afghanistan\", \"co2Factor\": 0.13253012, \"baseUnit\": \"kWh\", \"source\": \"GEF\", \"urlName\": \"GEF\", \"sheetName\": \"carbon-intensity-electricity\", \"file\": \"./upload/ef/carbon-intensity-electricity.csv\", \"link\": \"https://ourworldindata.org/grapher/carbon-intensity-electricity\", \"year\": \"2022\", \"emissionUnit\": \"kgCO\u2082\", \"ch4Unit\": \"kgCH\u2084\", \"n2oUnit\": \"kgN\u2082O\"}, {\"sourceO...", "commandName": "insert", "databaseName": "db_dev_v1", "requestId": 424238335, "operationId": 424238335, "driverConnectionId": 1, "serverConnectionId": 6198, "serverHost": "4.145.84.18", "serverPort": 27017}
2024-05-16 10:33:04.711417 pymongo.command [DEBUG] {"clientId": {"$oid": "6645705a7119ec564b9b992d"}, "message": "Command succeeded", "durationMS": 189.00300000000001, "reply": "{\"n\": 1, \"ok\": 1.0}", "commandName": "insert", "databaseName": "db_dev_v1", "requestId": 424238335, "operationId": 424238335, "driverConnectionId": 1, "serverConnectionId": 6198, "serverHost": "4.145.84.18", "serverPort": 27017}
2024-05-16 10:33:04.712536 pymongo.serverSelection [DEBUG] {"message": "Server selection started", "selector": "PrimaryPreferred(tag_sets=None, max_staleness=-1, hedge=None)", "operation": "endSessions", "topologyDescription": "<TopologyDescription id: 6645705a7119ec564b9b992d, topology_type: Single, servers: [<ServerDescription ('4.145.84.18', 27017) server_type: Standalone, rtt: 0.053399536999677366>]>", "clientId": {"$oid": "6645705a7119ec564b9b992d"}}
2024-05-16 10:33:04.713218 pymongo.serverSelection [DEBUG] {"message": "Server selection succeeded", "selector": "PrimaryPreferred(tag_sets=None, max_staleness=-1, hedge=None)", "operation": "endSessions", "topologyDescription": "<TopologyDescription id: 6645705a7119ec564b9b992d, topology_type: Single, servers: [<ServerDescription ('4.145.84.18', 27017) server_type: Standalone, rtt: 0.053399536999677366>]>", "clientId": {"$oid": "6645705a7119ec564b9b992d"}, "serverHost": "4.145.84.18", "serverPort": 27017}
2024-05-16 10:33:04.713911 pymongo.command [DEBUG] {"clientId": {"$oid": "6645705a7119ec564b9b992d"}, "message": "Command started", "command": "{\"endSessions\": [{\"id\": {\"$binary\": {\"base64\": \"linYIYJESUm84q1UXma0vA==\", \"subType\": \"04\"}}}], \"$db\": \"admin\"}", "commandName": "endSessions", "databaseName": "admin", "requestId": 719885386, "operationId": 719885386, "driverConnectionId": 1, "serverConnectionId": 6198, "serverHost": "4.145.84.18", "serverPort": 27017}
2024-05-16 10:33:04.785146 pymongo.command [DEBUG] {"clientId": {"$oid": "6645705a7119ec564b9b992d"}, "message": "Command succeeded", "durationMS": 71.228, "reply": "{\"ok\": 1.0}", "commandName": "endSessions", "databaseName": "admin", "requestId": 719885386, "operationId": 719885386, "driverConnectionId": 1, "serverConnectionId": 6198, "serverHost": "4.145.84.18", "serverPort": 27017}
2024-05-16 10:33:04.786156 connection.mongo_connection [INFO] Closed MongoDB connection
2024-05-16 10:33:04.786678 root [INFO] Total time: 6.67 seconds
