2024-04-18 16:42:44.053028 connection.mysql_connection [INFO] =================================================
2024-04-18 16:42:44.060472 connection.mysql_connection [INFO] our db_config:
2024-04-18 16:42:44.060970 connection.mysql_connection [INFO] host: 20.205.24.18
2024-04-18 16:42:44.061334 connection.mysql_connection [INFO] port: 3306
2024-04-18 16:42:44.061746 connection.mysql_connection [INFO] user: eco
2024-04-18 16:42:44.062115 connection.mysql_connection [INFO] password: ECO4ever
2024-04-18 16:42:44.062540 connection.mysql_connection [INFO] autocommit: True
2024-04-18 16:42:44.062974 connection.mysql_connection [INFO] dictionary mode: False
2024-04-18 16:42:44.063401 connection.mysql_connection [INFO] =================================================
2024-04-18 16:42:46.062392 root [DEBUG] [['地區', '因子（kgCO /kWh）2'], ['地區', '因子（kgCO /kWh)2']]
2024-04-18 16:42:46.063504 root [INFO] Total time: 2.12 seconds
2024-04-18 16:43:59.413030 connection.mysql_connection [INFO] =================================================
2024-04-18 16:43:59.413799 connection.mysql_connection [INFO] our db_config:
2024-04-18 16:43:59.414377 connection.mysql_connection [INFO] host: 20.205.24.18
2024-04-18 16:43:59.415037 connection.mysql_connection [INFO] port: 3306
2024-04-18 16:43:59.415456 connection.mysql_connection [INFO] user: eco
2024-04-18 16:43:59.415939 connection.mysql_connection [INFO] password: ECO4ever
2024-04-18 16:43:59.416485 connection.mysql_connection [INFO] autocommit: True
2024-04-18 16:43:59.417062 connection.mysql_connection [INFO] dictionary mode: False
2024-04-18 16:43:59.417623 connection.mysql_connection [INFO] =================================================
2024-04-18 16:44:01.309474 root [DEBUG] {"地區": "全国", "因子（kgCO /kWh）2": "0.5568"}
2024-04-18 16:44:01.406733 root [DEBUG] {"地區": "华北", "因子（kgCO /kWh）2": "0.7120"}
2024-04-18 16:44:01.513595 root [DEBUG] {"地區": "东北", "因子（kgCO /kWh）2": "0.6012"}
2024-04-18 16:44:01.604656 root [DEBUG] {"地區": "华东", "因子（kgCO /kWh）2": "0.5992"}
2024-04-18 16:44:01.697295 root [DEBUG] {"地區": "华中", "因子（kgCO /kWh）2": "0.5354"}
2024-04-18 16:44:01.789764 root [DEBUG] {"地區": "西北", "因子（kgCO /kWh）2": "0.5951"}
2024-04-18 16:44:01.890081 root [DEBUG] {"地區": "南方", "因子（kgCO /kWh）2": "0.4326"}
2024-04-18 16:44:01.978818 root [DEBUG] {"地區": "西南", "因子（kgCO /kWh）2": "0.2113"}
2024-04-18 16:44:02.067908 root [DEBUG] {"地區": "北京", "因子（kgCO /kWh)2": "0.5688"}
2024-04-18 16:44:02.162143 root [DEBUG] {"地區": "天津", "因子（kgCO /kWh)2": "0.7355"}
2024-04-18 16:44:02.261541 root [DEBUG] {"地區": "河北", "因子（kgCO /kWh)2": "0.7901"}
2024-04-18 16:44:02.359115 root [DEBUG] {"地區": "山西", "因子（kgCO /kWh)2": "0.7222"}
2024-04-18 16:44:02.459438 root [DEBUG] {"地區": "内蒙古", "因子（kgCO /kWh)2": "0.7025"}
2024-04-18 16:44:02.561018 root [DEBUG] {"地區": "辽宁", "因子（kgCO /kWh)2": "0.5876"}
2024-04-18 16:44:02.682301 root [DEBUG] {"地區": "吉林", "因子（kgCO /kWh)2": "0.5629"}
2024-04-18 16:44:02.773177 root [DEBUG] {"地區": "黑龙江", "因子（kgCO /kWh)2": "0.6342"}
2024-04-18 16:44:02.867215 root [DEBUG] {"地區": "上海", "因子（kgCO /kWh)2": "0.5834"}
2024-04-18 16:44:02.977872 root [DEBUG] {"地區": "江苏", "因子（kgCO /kWh)2": "0.6451"}
2024-04-18 16:44:03.069427 root [DEBUG] {"地區": "浙江", "因子（kgCO /kWh)2": "0.5422"}
2024-04-18 16:44:03.159424 root [DEBUG] {"地區": "安徽", "因子（kgCO /kWh)2": "0.7075"}
2024-04-18 16:44:03.265682 root [DEBUG] {"地區": "福建", "因子（kgCO /kWh)2": "0.4711"}
2024-04-18 16:44:03.359454 root [DEBUG] {"地區": "江西", "因子（kgCO /kWh)2": "0.5835"}
2024-04-18 16:44:03.453561 root [DEBUG] {"地區": "山东", "因子（kgCO /kWh)2": "0.6838"}
2024-04-18 16:44:03.548599 root [DEBUG] {"地區": "河南", "因子（kgCO /kWh)2": "0.6369"}
2024-04-18 16:44:03.659828 root [DEBUG] {"地區": "湖北", "因子（kgCO /kWh)2": "0.3672"}
2024-04-18 16:44:03.750918 root [DEBUG] {"地區": "湖南", "因子（kgCO /kWh)2": "0.5138"}
2024-04-18 16:44:03.873926 root [DEBUG] {"地區": "广东", "因子（kgCO /kWh)2": "0.4715"}
2024-04-18 16:44:03.979173 root [DEBUG] {"地區": "广西", "因子（kgCO /kWh)2": "0.5154"}
2024-04-18 16:44:04.073553 root [DEBUG] {"地區": "海南", "因子（kgCO /kWh)2": "0.4524"}
2024-04-18 16:44:04.163748 root [DEBUG] {"地區": "重庆", "因子（kgCO /kWh)2": "0.4743"}
2024-04-18 16:44:04.264148 root [DEBUG] {"地區": "四川", "因子（kgCO /kWh)2": "0.1255"}
2024-04-18 16:44:04.358406 root [DEBUG] {"地區": "贵州", "因子（kgCO /kWh)2": "0.5182"}
2024-04-18 16:44:04.450922 root [DEBUG] {"地區": "云南", "因子（kgCO /kWh)2": "0.1235"}
2024-04-18 16:44:04.541726 root [DEBUG] {"地區": "陕西", "因子（kgCO /kWh)2": "0.6336"}
2024-04-18 16:44:04.631677 root [DEBUG] {"地區": "甘肃", "因子（kgCO /kWh)2": "0.4955"}
2024-04-18 16:44:04.735221 root [DEBUG] {"地區": "青海", "因子（kgCO /kWh)2": "0.1326"}
2024-04-18 16:44:04.827108 root [DEBUG] {"地區": "宁夏", "因子（kgCO /kWh)2": "0.6546"}
2024-04-18 16:44:04.918240 root [DEBUG] {"地區": "新疆", "因子（kgCO /kWh)2": "0.6577"}
2024-04-18 16:44:05.010751 root [DEBUG] {"地區": "全国", "因子（kgCO /kWh）2": "0.5942"}
2024-04-18 16:44:05.100565 root [DEBUG] {"地區": "全国", "因子（kgCO /kWh）2": "0.8426"}
2024-04-18 16:44:16.866782 connection.mysql_connection [INFO] =================================================
2024-04-18 16:44:16.867824 connection.mysql_connection [INFO] our db_config:
2024-04-18 16:44:16.868608 connection.mysql_connection [INFO] host: 20.205.24.18
2024-04-18 16:44:16.869235 connection.mysql_connection [INFO] port: 3306
2024-04-18 16:44:16.870104 connection.mysql_connection [INFO] user: eco
2024-04-18 16:44:16.870794 connection.mysql_connection [INFO] password: ECO4ever
2024-04-18 16:44:16.871470 connection.mysql_connection [INFO] autocommit: True
2024-04-18 16:44:16.872052 connection.mysql_connection [INFO] dictionary mode: False
2024-04-18 16:44:16.872547 connection.mysql_connection [INFO] =================================================
2024-04-18 16:44:19.301670 root [DEBUG] {"地區": "全国", "因子（kgCO /kWh）2": "0.5568"}
2024-04-18 16:44:19.389622 root [DEBUG] {"地區": "华北", "因子（kgCO /kWh）2": "0.7120"}
2024-04-18 16:44:19.495489 root [DEBUG] {"地區": "东北", "因子（kgCO /kWh）2": "0.6012"}
2024-04-18 16:44:19.586828 root [DEBUG] {"地區": "华东", "因子（kgCO /kWh）2": "0.5992"}
2024-04-18 16:44:19.687692 root [DEBUG] {"地區": "华中", "因子（kgCO /kWh）2": "0.5354"}
2024-04-18 16:44:19.783085 root [DEBUG] {"地區": "西北", "因子（kgCO /kWh）2": "0.5951"}
2024-04-18 16:44:19.873000 root [DEBUG] {"地區": "南方", "因子（kgCO /kWh）2": "0.4326"}
2024-04-18 16:44:19.979978 root [DEBUG] {"地區": "西南", "因子（kgCO /kWh）2": "0.2113"}
2024-04-18 16:44:20.086754 root [DEBUG] {"地區": "北京", "因子（kgCO /kWh)2": "0.5688"}
2024-04-18 16:44:20.180272 root [DEBUG] {"地區": "天津", "因子（kgCO /kWh)2": "0.7355"}
2024-04-18 16:44:20.266607 root [DEBUG] {"地區": "河北", "因子（kgCO /kWh)2": "0.7901"}
2024-04-18 16:44:20.355447 root [DEBUG] {"地區": "山西", "因子（kgCO /kWh)2": "0.7222"}
2024-04-18 16:44:20.441188 root [DEBUG] {"地區": "内蒙古", "因子（kgCO /kWh)2": "0.7025"}
2024-04-18 16:44:20.529291 root [DEBUG] {"地區": "辽宁", "因子（kgCO /kWh)2": "0.5876"}
2024-04-18 16:44:20.621600 root [DEBUG] {"地區": "吉林", "因子（kgCO /kWh)2": "0.5629"}
2024-04-18 16:44:20.708603 root [DEBUG] {"地區": "黑龙江", "因子（kgCO /kWh)2": "0.6342"}
2024-04-18 16:44:20.799894 root [DEBUG] {"地區": "上海", "因子（kgCO /kWh)2": "0.5834"}
2024-04-18 16:44:20.892746 root [DEBUG] {"地區": "江苏", "因子（kgCO /kWh)2": "0.6451"}
2024-04-18 16:44:20.990923 root [DEBUG] {"地區": "浙江", "因子（kgCO /kWh)2": "0.5422"}
2024-04-18 16:44:21.082121 root [DEBUG] {"地區": "安徽", "因子（kgCO /kWh)2": "0.7075"}
2024-04-18 16:44:21.170010 root [DEBUG] {"地區": "福建", "因子（kgCO /kWh)2": "0.4711"}
2024-04-18 16:44:21.259972 root [DEBUG] {"地區": "江西", "因子（kgCO /kWh)2": "0.5835"}
2024-04-18 16:44:21.351367 root [DEBUG] {"地區": "山东", "因子（kgCO /kWh)2": "0.6838"}
2024-04-18 16:44:21.443578 root [DEBUG] {"地區": "河南", "因子（kgCO /kWh)2": "0.6369"}
2024-04-18 16:44:21.532589 root [DEBUG] {"地區": "湖北", "因子（kgCO /kWh)2": "0.3672"}
2024-04-18 16:44:21.619304 root [DEBUG] {"地區": "湖南", "因子（kgCO /kWh)2": "0.5138"}
2024-04-18 16:44:21.708227 root [DEBUG] {"地區": "广东", "因子（kgCO /kWh)2": "0.4715"}
2024-04-18 16:44:21.810215 root [DEBUG] {"地區": "广西", "因子（kgCO /kWh)2": "0.5154"}
2024-04-18 16:44:21.909275 root [DEBUG] {"地區": "海南", "因子（kgCO /kWh)2": "0.4524"}
2024-04-18 16:44:21.998614 root [DEBUG] {"地區": "重庆", "因子（kgCO /kWh)2": "0.4743"}
2024-04-18 16:44:22.089425 root [DEBUG] {"地區": "四川", "因子（kgCO /kWh)2": "0.1255"}
2024-04-18 16:44:22.193853 root [DEBUG] {"地區": "贵州", "因子（kgCO /kWh)2": "0.5182"}
2024-04-18 16:44:22.290570 root [DEBUG] {"地區": "云南", "因子（kgCO /kWh)2": "0.1235"}
2024-04-18 16:44:22.378888 root [DEBUG] {"地區": "陕西", "因子（kgCO /kWh)2": "0.6336"}
2024-04-18 16:44:22.469579 root [DEBUG] {"地區": "甘肃", "因子（kgCO /kWh)2": "0.4955"}
2024-04-18 16:44:22.559038 root [DEBUG] {"地區": "青海", "因子（kgCO /kWh)2": "0.1326"}
2024-04-18 16:44:22.652471 root [DEBUG] {"地區": "宁夏", "因子（kgCO /kWh)2": "0.6546"}
2024-04-18 16:44:22.741340 root [DEBUG] {"地區": "新疆", "因子（kgCO /kWh)2": "0.6577"}
2024-04-18 16:44:22.834755 root [DEBUG] {"地區": "全国", "因子（kgCO /kWh）2": "0.5942"}
2024-04-18 16:44:22.921634 root [DEBUG] {"地區": "全国", "因子（kgCO /kWh）2": "0.8426"}
2024-04-18 16:44:23.012447 root [INFO] Total time: 6.25 seconds
2024-04-18 16:52:06.198701 connection.mysql_connection [INFO] =================================================
2024-04-18 16:52:06.199314 connection.mysql_connection [INFO] our db_config:
2024-04-18 16:52:06.199669 connection.mysql_connection [INFO] host: 20.205.24.18
2024-04-18 16:52:06.199962 connection.mysql_connection [INFO] port: 3306
2024-04-18 16:52:06.200195 connection.mysql_connection [INFO] user: eco
2024-04-18 16:52:06.200569 connection.mysql_connection [INFO] password: ECO4ever
2024-04-18 16:52:06.200819 connection.mysql_connection [INFO] autocommit: True
2024-04-18 16:52:06.201022 connection.mysql_connection [INFO] dictionary mode: False
2024-04-18 16:52:06.201311 connection.mysql_connection [INFO] =================================================
2024-04-18 16:52:09.067717 root [DEBUG] {"地區": "全国", "因子（kgCO /kWh）2": "0.5568"}
2024-04-18 16:52:09.168617 root [DEBUG] {"地區": "华北", "因子（kgCO /kWh）2": "0.7120"}
2024-04-18 16:52:09.264890 root [DEBUG] {"地區": "东北", "因子（kgCO /kWh）2": "0.6012"}
2024-04-18 16:52:09.374153 root [DEBUG] {"地區": "华东", "因子（kgCO /kWh）2": "0.5992"}
2024-04-18 16:52:09.474364 root [DEBUG] {"地區": "华中", "因子（kgCO /kWh）2": "0.5354"}
2024-04-18 16:52:09.570078 root [DEBUG] {"地區": "西北", "因子（kgCO /kWh）2": "0.5951"}
2024-04-18 16:52:09.679149 root [DEBUG] {"地區": "南方", "因子（kgCO /kWh）2": "0.4326"}
2024-04-18 16:52:09.778041 root [DEBUG] {"地區": "西南", "因子（kgCO /kWh）2": "0.2113"}
2024-04-18 16:52:09.873741 root [DEBUG] {"地區": "北京", "因子（kgCO /kWh)2": "0.5688"}
2024-04-18 16:52:09.967729 root [DEBUG] {"地區": "天津", "因子（kgCO /kWh)2": "0.7355"}
2024-04-18 16:52:10.095209 root [DEBUG] {"地區": "河北", "因子（kgCO /kWh)2": "0.7901"}
2024-04-18 16:52:10.198916 root [DEBUG] {"地區": "山西", "因子（kgCO /kWh)2": "0.7222"}
2024-04-18 16:52:10.295067 root [DEBUG] {"地區": "内蒙古", "因子（kgCO /kWh)2": "0.7025"}
2024-04-18 16:52:10.399755 root [DEBUG] {"地區": "辽宁", "因子（kgCO /kWh)2": "0.5876"}
2024-04-18 16:52:10.498517 root [DEBUG] {"地區": "吉林", "因子（kgCO /kWh)2": "0.5629"}
2024-04-18 16:52:10.609592 root [DEBUG] {"地區": "黑龙江", "因子（kgCO /kWh)2": "0.6342"}
2024-04-18 16:52:10.702572 root [DEBUG] {"地區": "上海", "因子（kgCO /kWh)2": "0.5834"}
2024-04-18 16:52:10.791187 root [DEBUG] {"地區": "江苏", "因子（kgCO /kWh)2": "0.6451"}
2024-04-18 16:52:10.883206 root [DEBUG] {"地區": "浙江", "因子（kgCO /kWh)2": "0.5422"}
2024-04-18 16:52:10.989770 root [DEBUG] {"地區": "安徽", "因子（kgCO /kWh)2": "0.7075"}
2024-04-18 16:52:11.084017 root [DEBUG] {"地區": "福建", "因子（kgCO /kWh)2": "0.4711"}
2024-04-18 16:52:11.181805 root [DEBUG] {"地區": "江西", "因子（kgCO /kWh)2": "0.5835"}
2024-04-18 16:52:11.276725 root [DEBUG] {"地區": "山东", "因子（kgCO /kWh)2": "0.6838"}
2024-04-18 16:52:11.367358 root [DEBUG] {"地區": "河南", "因子（kgCO /kWh)2": "0.6369"}
2024-04-18 16:52:11.462801 root [DEBUG] {"地區": "湖北", "因子（kgCO /kWh)2": "0.3672"}
2024-04-18 16:52:11.557992 root [DEBUG] {"地區": "湖南", "因子（kgCO /kWh)2": "0.5138"}
2024-04-18 16:52:11.657204 root [DEBUG] {"地區": "广东", "因子（kgCO /kWh)2": "0.4715"}
2024-04-18 16:52:11.764592 root [DEBUG] {"地區": "广西", "因子（kgCO /kWh)2": "0.5154"}
2024-04-18 16:52:11.855943 root [DEBUG] {"地區": "海南", "因子（kgCO /kWh)2": "0.4524"}
2024-04-18 16:52:11.946674 root [DEBUG] {"地區": "重庆", "因子（kgCO /kWh)2": "0.4743"}
2024-04-18 16:52:12.038233 root [DEBUG] {"地區": "四川", "因子（kgCO /kWh)2": "0.1255"}
2024-04-18 16:52:12.131530 root [DEBUG] {"地區": "贵州", "因子（kgCO /kWh)2": "0.5182"}
2024-04-18 16:52:12.230436 root [DEBUG] {"地區": "云南", "因子（kgCO /kWh)2": "0.1235"}
2024-04-18 16:52:12.320694 root [DEBUG] {"地區": "陕西", "因子（kgCO /kWh)2": "0.6336"}
2024-04-18 16:52:12.423122 root [DEBUG] {"地區": "甘肃", "因子（kgCO /kWh)2": "0.4955"}
2024-04-18 16:52:12.522876 root [DEBUG] {"地區": "青海", "因子（kgCO /kWh)2": "0.1326"}
2024-04-18 16:52:12.627455 root [DEBUG] {"地區": "宁夏", "因子（kgCO /kWh)2": "0.6546"}
2024-04-18 16:52:12.719290 root [DEBUG] {"地區": "新疆", "因子（kgCO /kWh)2": "0.6577"}
2024-04-18 16:52:12.812887 root [DEBUG] {"地區": "全国", "因子（kgCO /kWh）2": "0.5942"}
2024-04-18 16:52:12.904776 root [DEBUG] {"地區": "全国", "因子（kgCO /kWh）2": "0.8426"}
2024-04-18 16:52:12.994240 root [INFO] Total time: 6.90 seconds
