2024-04-29 11:15:31.465044 connection.mongo_connection [INFO] Connected to MongoDB
2024-04-29 11:15:31.606437 connection.mysql_connection [INFO] =================================================
2024-04-29 11:15:31.607291 connection.mysql_connection [INFO] our db_config:
2024-04-29 11:15:31.608037 connection.mysql_connection [INFO] host: 20.205.24.18
2024-04-29 11:15:31.608731 connection.mysql_connection [INFO] port: 3306
2024-04-29 11:15:31.609425 connection.mysql_connection [INFO] user: eco
2024-04-29 11:15:31.610224 connection.mysql_connection [INFO] password: ECO4ever
2024-04-29 11:15:31.610986 connection.mysql_connection [INFO] autocommit: True
2024-04-29 11:15:31.611767 connection.mysql_connection [INFO] dictionary mode: False
2024-04-29 11:15:31.612200 connection.mysql_connection [INFO] =================================================
2024-04-29 11:15:31.612930 pymongo.serverSelection [DEBUG] {"message": "Server selection started", "selector": "Primary()", "operation": "find", "topologyDescription": "<TopologyDescription id: 662f10d3ce1acdcfeac9d197, topology_type: Single, servers: [<ServerDescription ('20.6.34.160', 27017) server_type: Standalone, rtt: 0.06307281000044895>]>", "clientId": {"$oid": "662f10d3ce1acdcfeac9d197"}}
2024-04-29 11:15:31.613702 pymongo.serverSelection [DEBUG] {"message": "Server selection succeeded", "selector": "Primary()", "operation": "find", "topologyDescription": "<TopologyDescription id: 662f10d3ce1acdcfeac9d197, topology_type: Single, servers: [<ServerDescription ('20.6.34.160', 27017) server_type: Standalone, rtt: 0.06307281000044895>]>", "clientId": {"$oid": "662f10d3ce1acdcfeac9d197"}, "serverHost": "20.6.34.160", "serverPort": 27017}
2024-04-29 11:15:31.811897 pymongo.command [DEBUG] {"clientId": {"$oid": "662f10d3ce1acdcfeac9d197"}, "message": "Command started", "command": "{\"find\": \"cal_approaches\", \"lsid\": {\"id\": {\"$binary\": {\"base64\": \"sj9ecnYeTvqf+l1NX/v7eQ==\", \"subType\": \"04\"}}}, \"$db\": \"db_prod_v1\"}", "commandName": "find", "databaseName": "db_prod_v1", "requestId": 424238335, "operationId": 424238335, "driverConnectionId": 1, "serverConnectionId": 3300, "serverHost": "20.6.34.160", "serverPort": 27017}
2024-04-29 11:15:32.560575 pymongo.command [DEBUG] {"clientId": {"$oid": "662f10d3ce1acdcfeac9d197"}, "message": "Command succeeded", "durationMS": 748.885, "reply": "{\"cursor\": {\"firstBatch\": [{\"_id\": {\"$oid\": \"646f06d02ed6c48f4414795f\"}, \"type\": \"Refrigerants\", \"scope\": \"scope1\", \"methods\": [{\"sourceOfEmission\": \"Carbon dioxide\", \"co2Factor\": 1, \"baseUnit\": \"kg\", \"source\": \"GHG\", \"urlName\": \"GHG Protocol\", \"sheetName\": \"Emission Factors\", \"file\": \"/upload/ef/GHG Emissions Calculation Tool_0.xlsx\", \"link\": \"https://ghgprotocol.org/sites/default/files/GHG%20Emissions%20Calculation%20Tool_0.xlsx\", \"year\": \"2014\", \"emissionUnit\": \"kgCO\u2082\", \"ch4Unit\": \"kgCH\u2084\", \"n2oUnit\": \"kgN\u2082O\"}, {\"sourceOfEmission\": \"Methane\", \"co2Factor\": 28, \"baseUnit\": \"kg\", \"source\": \"GHG\", \"urlName\": \"GHG Protocol\", \"sheetName\": \"Emission Factors\", \"file\": \"/upload/ef/GHG Emissions Calculation Tool_0.xlsx\", \"link\": \"https://ghgprotocol.org/sites/default/files/GHG%20Emissions%20Calculation%20Tool_0.xlsx\", \"year\": \"2014\", \"emissionUnit\": \"kgCO\u2082\", \"ch4Unit\": \"kgCH\u2084\", \"n2oUnit\": \"kgN\u2082O\"}, {\"sourceOfEmission\": \"Nitrous oxide\", \"co2Factor\": 265, \"baseUnit\"...", "commandName": "find", "databaseName": "db_prod_v1", "requestId": 424238335, "operationId": 424238335, "driverConnectionId": 1, "serverConnectionId": 3300, "serverHost": "20.6.34.160", "serverPort": 27017}
2024-04-29 11:15:32.596184 root [DEBUG] 
                REPLACE INTO mgmtCarbon.EFtype VALUES (1, 'Refrigerants', '1', NULL, '1.399999976158142', 'category', 'refrigerantsUsed', 'Refrigerants Used', NULL, NULL, '646f06d02ed6c48f4414795f')
            
2024-04-29 11:15:32.667198 root [DEBUG] 
                REPLACE INTO mgmtCarbon.EFtype VALUES (2, 'Fuel Type', '1', 'Coal and Coke', '1.100000023841858', 'category', 'fuelType', 'Fuel Type', NULL, NULL, '631ed9c392c0281e83bea81e')
            
2024-04-29 11:15:32.725976 root [DEBUG] 
                REPLACE INTO mgmtCarbon.EFtype VALUES (3, 'Fuel Type', '1', 'Other Fuels - Solid', '1.100000023841858', 'category', 'fuelType', 'Fuel Type', NULL, NULL, '631edcb792c0281e83bea81f')
            
2024-04-29 11:15:32.790481 root [DEBUG] 
                REPLACE INTO mgmtCarbon.EFtype VALUES (4, 'Fuel Type', '1', 'Biomass Fuels - Solid', '1.100000023841858', 'category', 'fuelType', 'Fuel Type', NULL, NULL, '631eddc692c0281e83bea820')
            
2024-04-29 11:15:32.857964 root [DEBUG] 
                REPLACE INTO mgmtCarbon.EFtype VALUES (5, 'Fuel Type', '1', 'Natural Gas', '1.100000023841858', 'category', 'fuelType', 'Fuel Type', NULL, NULL, '631ee04492c0281e83bea821')
            
2024-04-29 11:15:32.926795 root [DEBUG] 
                REPLACE INTO mgmtCarbon.EFtype VALUES (6, 'Fuel Type', '1', 'Other Fuels - Gaseous', '1.100000023841858', 'category', 'fuelType', 'Fuel Type', NULL, NULL, '631ee50892c0281e83bea823')
            
2024-04-29 11:15:32.973363 root [DEBUG] 
                REPLACE INTO mgmtCarbon.EFtype VALUES (7, 'Fuel Type', '1', 'Biomass Fuels - Gaseous', '1.100000023841858', 'category', 'fuelType', 'Fuel Type', NULL, NULL, '631ee4d092c0281e83bea822')
            
2024-04-29 11:15:33.038919 root [DEBUG] 
                REPLACE INTO mgmtCarbon.EFtype VALUES (8, 'Fuel Type', '1', 'Petroleum Products', '1.100000023841858', 'category', 'fuelType', 'Fuel Type', NULL, NULL, '631ee85792c0281e83bea824')
            
2024-04-29 11:15:33.096102 root [DEBUG] 
                REPLACE INTO mgmtCarbon.EFtype VALUES (9, 'Fuel Type', '1', 'Biomass Fuels - Liquid', '1.100000023841858', 'category', 'fuelType', 'Fuel Type', NULL, NULL, '631ee9cc92c0281e83bea825')
            
2024-04-29 11:15:33.158581 root [DEBUG] 
                REPLACE INTO mgmtCarbon.EFtype VALUES (10, 'Fuel Type', '1', 'Biomass Fuels - Kraft Pulping Liquor, by Wood Furnish', '1.100000023841858', 'category', 'fuelType', 'Fuel Type', NULL, NULL, '631ee9cc92c0281e83bea826')
            
2024-04-29 11:15:33.237387 root [DEBUG] 
                REPLACE INTO mgmtCarbon.EFtype VALUES (11, 'Upstream T&D', '3', NULL, '3.0999999046325684', 'category', 'vehicleType', 'Vehicle Type', NULL, NULL, '646f1352dc77466cc2755852')
            
2024-04-29 11:15:33.298354 root [DEBUG] 
                REPLACE INTO mgmtCarbon.EFtype VALUES (12, 'Downstream T&D', '3', NULL, '3.200000047683716', 'category', 'vehicleType', 'Vehicle Type', NULL, NULL, '646f1352dc77466cc2755853')
            
2024-04-29 11:15:33.366171 root [DEBUG] 
                REPLACE INTO mgmtCarbon.EFtype VALUES (13, 'Employee Commuting', '3', NULL, '3.299999952316284', 'category', 'vehicleType', 'Vehicle Type', NULL, NULL, '646f1352dc77466cc2755854')
            
2024-04-29 11:15:33.441796 root [DEBUG] 
                REPLACE INTO mgmtCarbon.EFtype VALUES (14, 'Client and Visitor Transport', '3', NULL, '3.4000000953674316', 'category', 'vehicleType', 'Vehicle Type', NULL, NULL, '646f1352dc77466cc2755855')
            
2024-04-29 11:15:33.548591 root [DEBUG] 
                REPLACE INTO mgmtCarbon.EFtype VALUES (15, 'Business Travel', '3', NULL, '3.5', 'category', 'vehicleType', 'Vehicle Type', NULL, NULL, '646f1352dc77466cc2755856')
            
2024-04-29 11:15:33.654208 root [DEBUG] 
                REPLACE INTO mgmtCarbon.EFtype VALUES (16, 'Location Based', '2', 'Grid Average/Location Based', '2.0999999046325684', 'category', 'calculateMethod', 'Location Based', NULL, NULL, '647035bfaf8fe17f40237b7b')
            
2024-04-29 11:15:33.724213 root [DEBUG] 
                REPLACE INTO mgmtCarbon.EFtype VALUES (17, 'Fuel Type', '1', 'Biofuel', '1.100000023841858', 'category', 'fuelType', 'Fuel Type', NULL, NULL, '647428324a38ff33ba85477f')
            
2024-04-29 11:15:33.802955 root [DEBUG] 
                REPLACE INTO mgmtCarbon.EFtype VALUES (18, 'Fuel Type', '1', 'Biofuel', '1.100000023841858', 'category', 'fuelType', 'Fuel Type', NULL, NULL, '647428594a38ff33ba854781')
            
2024-04-29 11:15:33.879174 root [DEBUG] 
                REPLACE INTO mgmtCarbon.EFtype VALUES (19, 'Fuel Type', '1', 'Biomass', '1.100000023841858', 'category', 'fuelType', 'Fuel Type', NULL, NULL, '6474285f4a38ff33ba854782')
            
2024-04-29 11:15:33.956021 root [DEBUG] 
                REPLACE INTO mgmtCarbon.EFtype VALUES (20, 'Fuel Type', '1', 'Gaseous fuels', '1.100000023841858', 'category', 'fuelType', 'Fuel Type', NULL, NULL, '647428674a38ff33ba854783')
            
2024-04-29 11:15:34.026938 root [DEBUG] 
                REPLACE INTO mgmtCarbon.EFtype VALUES (21, 'Fuel Type', '1', 'Liquid fuels', '1.100000023841858', 'category', 'fuelType', 'Fuel Type', NULL, NULL, '6474286f4a38ff33ba854784')
            
2024-04-29 11:15:34.094511 root [DEBUG] 
                REPLACE INTO mgmtCarbon.EFtype VALUES (22, 'Fuel Type', '1', 'Solid fuels', '1.100000023841858', 'category', 'fuelType', 'Fuel Type', NULL, NULL, '647428764a38ff33ba854785')
            
2024-04-29 11:15:34.158671 root [DEBUG] 
                REPLACE INTO mgmtCarbon.EFtype VALUES (23, 'Fuel Type', '3', 'Anaerobically Digested (Dry Digestate with Curing)', '5.300000190734863', 'category', 'fuelType', 'Fuel Type', NULL, NULL, '64745421a3f326c8c2a5dd64')
            
2024-04-29 11:15:34.237525 root [DEBUG] 
                REPLACE INTO mgmtCarbon.EFtype VALUES (24, 'Fuel Type', '3', 'Anaerobically Digested (Wet Digestate with Curing)', '5.300000190734863', 'category', 'fuelType', 'Fuel Type', NULL, NULL, '64745425a3f326c8c2a5dd65')
            
2024-04-29 11:15:34.307892 root [DEBUG] 
                REPLACE INTO mgmtCarbon.EFtype VALUES (25, 'Fuel Type', '3', 'Combustion', '5.300000190734863', 'category', 'fuelType', 'Fuel Type', NULL, NULL, '6474542aa3f326c8c2a5dd66')
            
2024-04-29 11:15:34.384888 root [DEBUG] 
                REPLACE INTO mgmtCarbon.EFtype VALUES (26, 'Fuel Type', '3', 'Compost', '5.300000190734863', 'category', 'fuelType', 'Fuel Type', NULL, NULL, '6474542ea3f326c8c2a5dd67')
            
2024-04-29 11:15:34.484683 root [DEBUG] 
                REPLACE INTO mgmtCarbon.EFtype VALUES (27, 'Fuel Type', '3', 'Landfill', '5.300000190734863', 'category', 'fuelType', 'Fuel Type', NULL, NULL, '64745433a3f326c8c2a5dd68')
            
2024-04-29 11:15:34.580067 root [DEBUG] 
                REPLACE INTO mgmtCarbon.EFtype VALUES (28, 'Fuel Type', '3', 'Recycled', '5.300000190734863', 'category', 'fuelType', 'Fuel Type', NULL, NULL, '64745438a3f326c8c2a5dd69')
            
2024-04-29 11:15:34.676145 root [DEBUG] 
                REPLACE INTO mgmtCarbon.EFtype VALUES (29, 'Fuel Type', '3', 'Recycled', '4.300000190734863', 'category', 'fuelType', 'Fuel Type', NULL, NULL, '647455b9a3f326c8c2a5dd6a')
            
2024-04-29 11:15:34.751022 root [DEBUG] 
                REPLACE INTO mgmtCarbon.EFtype VALUES (30, 'Fuel Type', '3', 'Landfill', '4.300000190734863', 'category', 'fuelType', 'Fuel Type', NULL, NULL, '647455bea3f326c8c2a5dd6b')
            
2024-04-29 11:15:34.826995 root [DEBUG] 
                REPLACE INTO mgmtCarbon.EFtype VALUES (31, 'Fuel Type', '3', 'Compost', '4.300000190734863', 'category', 'fuelType', 'Fuel Type', NULL, NULL, '647455c3a3f326c8c2a5dd6c')
            
2024-04-29 11:15:34.905164 root [DEBUG] 
                REPLACE INTO mgmtCarbon.EFtype VALUES (32, 'Fuel Type', '3', 'Combustion', '4.300000190734863', 'category', 'fuelType', 'Fuel Type', NULL, NULL, '647455c8a3f326c8c2a5dd6d')
            
2024-04-29 11:15:34.982683 root [DEBUG] 
                REPLACE INTO mgmtCarbon.EFtype VALUES (33, 'Fuel Type', '3', 'Anaerobically Digested (Wet Digestate with Curing)', '4.300000190734863', 'category', 'fuelType', 'Fuel Type', NULL, NULL, '647455d0a3f326c8c2a5dd6e')
            
2024-04-29 11:15:35.090912 root [DEBUG] 
                REPLACE INTO mgmtCarbon.EFtype VALUES (34, 'Fuel Type', '3', 'Anaerobically Digested (Dry Digestate with Curing)', '4.300000190734863', 'category', 'fuelType', 'Fuel Type', NULL, NULL, '647455d7a3f326c8c2a5dd6f')
            
2024-04-29 11:15:35.204378 root [DEBUG] 
                REPLACE INTO mgmtCarbon.EFtype VALUES (35, 'Refrigerants', '1', NULL, '1.399999976158142', 'category', 'refrigerantsUsed', 'Refrigerants Used', NULL, NULL, '6474596049261bb379615e63')
            
2024-04-29 11:15:35.304254 root [DEBUG] 
                REPLACE INTO mgmtCarbon.EFtype VALUES (36, 'Fuel Type', '1', 'Coal and Coke', '1.100000023841858', 'category', 'fuelType', 'Fuel Type', NULL, NULL, '64759f570af59419c99f98ef')
            
2024-04-29 11:15:35.395143 root [DEBUG] 
                REPLACE INTO mgmtCarbon.EFtype VALUES (37, 'Fuel Type', '1', 'Petroleum Products', '1.100000023841858', 'category', 'fuelType', 'Fuel Type', NULL, NULL, '6475ae300af59419c99f98f0')
            
2024-04-29 11:15:35.498027 root [DEBUG] 
                REPLACE INTO mgmtCarbon.EFtype VALUES (38, 'Fuel Type', '1', 'Other Fuels - Solid', '1.100000023841858', 'category', 'fuelType', 'Fuel Type', NULL, NULL, '6475ae3d0af59419c99f98f1')
            
2024-04-29 11:15:35.585101 root [DEBUG] 
                REPLACE INTO mgmtCarbon.EFtype VALUES (39, 'Fuel Type', '1', 'Other Fuels - Gaseous', '1.100000023841858', 'category', 'fuelType', 'Fuel Type', NULL, NULL, '6475ae470af59419c99f98f2')
            
2024-04-29 11:15:35.670689 root [DEBUG] 
                REPLACE INTO mgmtCarbon.EFtype VALUES (40, 'Fuel Type', '1', 'Natural Gas', '1.100000023841858', 'category', 'fuelType', 'Fuel Type', NULL, NULL, '6475ae4f0af59419c99f98f3')
            
2024-04-29 11:15:35.752867 root [DEBUG] 
                REPLACE INTO mgmtCarbon.EFtype VALUES (41, 'Fuel Type', '1', 'Biomass Fuels - Kraft Pulping Liquor, by Wood Furnish', '1.100000023841858', 'category', 'fuelType', 'Fuel Type', NULL, NULL, '6475ae580af59419c99f98f4')
            
2024-04-29 11:15:35.830674 root [DEBUG] 
                REPLACE INTO mgmtCarbon.EFtype VALUES (42, 'Fuel Type', '1', 'Biomass Fuels - Solid', '1.100000023841858', 'category', 'fuelType', 'Fuel Type', NULL, NULL, '6475ae630af59419c99f98f5')
            
2024-04-29 11:15:35.935766 root [DEBUG] 
                REPLACE INTO mgmtCarbon.EFtype VALUES (43, 'Fuel Type', '1', 'Biomass Fuels - Liquid', '1.100000023841858', 'category', 'fuelType', 'Fuel Type', NULL, NULL, '6475ae6c0af59419c99f98f6')
            
2024-04-29 11:15:36.026669 root [DEBUG] 
                REPLACE INTO mgmtCarbon.EFtype VALUES (44, 'Fuel Type', '1', 'Biomass Fuels - Gaseous', '1.100000023841858', 'category', 'fuelType', 'Fuel Type', NULL, NULL, '6475ae740af59419c99f98f7')
            
2024-04-29 11:15:36.110659 root [DEBUG] 
                REPLACE INTO mgmtCarbon.EFtype VALUES (45, 'Upstream T&D', '3', NULL, '3.0999999046325684', 'category', 'vehicleType', 'Vehicle Type', NULL, NULL, '6475cb663f9fd74db8e648df')
            
2024-04-29 11:15:36.203412 root [DEBUG] 
                REPLACE INTO mgmtCarbon.EFtype VALUES (46, 'Downstream T&D', '3', NULL, '3.200000047683716', 'category', 'vehicleType', 'Vehicle Type', NULL, NULL, '6475cbc83f9fd74db8e648e0')
            
2024-04-29 11:15:36.278767 root [DEBUG] 
                REPLACE INTO mgmtCarbon.EFtype VALUES (47, 'Client and Visitor Transport', '3', NULL, '3.4000000953674316', 'category', 'vehicleType', 'Vehicle Type', NULL, NULL, '6475cbdc3f9fd74db8e648e1')
            
2024-04-29 11:15:36.356860 root [DEBUG] 
                REPLACE INTO mgmtCarbon.EFtype VALUES (48, 'Business Travel', '3', NULL, '3.5', 'category', 'vehicleType', 'Vehicle Type', NULL, NULL, '6475cc243f9fd74db8e648e2')
            
2024-04-29 11:15:36.434230 root [DEBUG] 
                REPLACE INTO mgmtCarbon.EFtype VALUES (49, 'Employee Commuting', '3', NULL, '3.299999952316284', 'category', 'vehicleType', 'Vehicle Type', NULL, NULL, '6475cc2d3f9fd74db8e648e3')
            
2024-04-29 11:15:36.525494 root [DEBUG] 
                REPLACE INTO mgmtCarbon.EFtype VALUES (50, 'Fuel Type', '3', 'Anaerobic digestion', '4.300000190734863', 'category', 'fuelType', 'Fuel Type', NULL, NULL, '6476c7827c507c864a5645a4')
            
2024-04-29 11:15:36.604398 root [DEBUG] 
                REPLACE INTO mgmtCarbon.EFtype VALUES (51, 'Fuel Type', '3', 'Closed-loop', '4.300000190734863', 'category', 'fuelType', 'Fuel Type', NULL, NULL, '6476c7a87c507c864a5645a5')
            
2024-04-29 11:15:36.683995 root [DEBUG] 
                REPLACE INTO mgmtCarbon.EFtype VALUES (52, 'Fuel Type', '3', 'Combustion', '4.300000190734863', 'category', 'fuelType', 'Fuel Type', NULL, NULL, '6476c7be7c507c864a5645a6')
            
2024-04-29 11:15:36.758710 root [DEBUG] 
                REPLACE INTO mgmtCarbon.EFtype VALUES (53, 'Fuel Type', '3', 'Compost', '4.300000190734863', 'category', 'fuelType', 'Fuel Type', NULL, NULL, '6476c7de7c507c864a5645a7')
            
2024-04-29 11:15:36.838240 root [DEBUG] 
                REPLACE INTO mgmtCarbon.EFtype VALUES (54, 'Fuel Type', '3', 'Landfill', '4.300000190734863', 'category', 'fuelType', 'Fuel Type', NULL, NULL, '6476c7f27c507c864a5645a8')
            
2024-04-29 11:15:36.921403 root [DEBUG] 
                REPLACE INTO mgmtCarbon.EFtype VALUES (55, 'Fuel Type', '3', 'Open-loop', '4.300000190734863', 'category', 'fuelType', 'Fuel Type', NULL, NULL, '6476c8027c507c864a5645a9')
            
2024-04-29 11:15:37.001633 root [DEBUG] 
                REPLACE INTO mgmtCarbon.EFtype VALUES (56, 'Purchased Goods', '3', 'Closed-loop source', '4.099999904632568', 'category', 'purchasedGood', 'Purchased', NULL, NULL, '6476ccc44de3cb3a80acd3fd')
            
2024-04-29 11:15:37.084943 root [DEBUG] 
                REPLACE INTO mgmtCarbon.EFtype VALUES (57, 'Purchased Goods', '3', 'Primary material production', '4.099999904632568', 'category', 'purchasedGood', 'Purchased', NULL, NULL, '6476ccc84de3cb3a80acd3fe')
            
2024-04-29 11:15:37.170380 root [DEBUG] 
                REPLACE INTO mgmtCarbon.EFtype VALUES (58, 'Purchased Goods', '3', 'Re-used', '4.099999904632568', 'category', 'purchasedGood', 'Purchased', NULL, NULL, '6476cccd4de3cb3a80acd3ff')
            
2024-04-29 11:15:37.259546 root [DEBUG] 
                REPLACE INTO mgmtCarbon.EFtype VALUES (59, 'Use of Assets (through leased equipment) by an Organization', '3', 'Vehicle', '4.400000095367432', 'category', 'vehicleType', 'Vehicle Type', NULL, NULL, '64796deb2fad9b17410b2eb2')
            
2024-04-29 11:15:37.338807 root [DEBUG] 
                REPLACE INTO mgmtCarbon.EFtype VALUES (60, 'Location Based', '2', 'Grid Average/Location Based', '2.0999999046325684', 'category', 'calculateMethod', 'Location Based', NULL, NULL, '647d6257b1c6eb3718c8a7a9')
            
2024-04-29 11:15:37.426932 root [DEBUG] 
                REPLACE INTO mgmtCarbon.EFtype VALUES (61, 'Fuel Type', '3', 'Homeworking', '6.099999904632568', 'category', 'fuelType', 'Fuel Type', NULL, NULL, '647d9566d650a91f29bf0e66')
            
2024-04-29 11:15:37.515714 root [DEBUG] 
                REPLACE INTO mgmtCarbon.EFtype VALUES (62, 'Mobile Combustion', '1', 'Distance Activity', '1.2000000476837158', 'category', 'fuelType', 'Fuel Type', NULL, NULL, '647d9b94a6222805ac455385')
            
2024-04-29 11:15:37.614921 root [DEBUG] 
                REPLACE INTO mgmtCarbon.EFtype VALUES (63, 'Mobile Combustion', '1', 'Fuel Use', '1.2000000476837158', 'category', 'fuelType', 'Fuel Type', NULL, NULL, '647eadf1bed6d97c073ae590')
            
2024-04-29 11:15:37.706480 root [DEBUG] 
                REPLACE INTO mgmtCarbon.EFtype VALUES (64, 'Mobile Combustion', '1', 'Distance Activity', '1.2000000476837158', 'category', 'fuelType', 'Fuel Type', NULL, NULL, '647eae2ebed6d97c073ae591')
            
2024-04-29 11:15:37.791162 root [DEBUG] 
                REPLACE INTO mgmtCarbon.EFtype VALUES (65, 'Fuel Type', '1', 'Oil products', '1.100000023841858', 'category', 'fuelType', 'Fuel Type', NULL, NULL, '6486f1427c3e764b3416c154')
            
2024-04-29 11:15:37.876034 root [DEBUG] 
                REPLACE INTO mgmtCarbon.EFtype VALUES (66, 'Capital Goods that are Purchased and Amortized by an Organization', '3', 'Supply Chain Emission Factors without Margins', '4.199999809265137', 'category', 'purchasedGood', 'Purchased', NULL, NULL, '6487f95cfaf67ba5b14df0a0')
            
2024-04-29 11:15:37.959019 root [DEBUG] 
                REPLACE INTO mgmtCarbon.EFtype VALUES (67, 'Capital Goods that are Purchased and Amortized by an Organization', '3', 'Margins of Supply Chain Emission Factors', '4.199999809265137', 'category', 'purchasedGood', 'Purchased', NULL, NULL, '6487f95cfaf67ba5b14df0a1')
            
2024-04-29 11:15:38.039498 root [DEBUG] 
                REPLACE INTO mgmtCarbon.EFtype VALUES (68, 'Capital Goods that are Purchased and Amortized by an Organization', '3', 'Supply Chain Emission Factors with Margins', '4.199999809265137', 'category', 'purchasedGood', 'Purchased', NULL, NULL, '6487f95cfaf67ba5b14df0a2')
            
2024-04-29 11:15:38.118451 root [DEBUG] 
                REPLACE INTO mgmtCarbon.EFtype VALUES (69, 'Business Travel', '3', NULL, '3.5', 'category', 'vehicleType', 'Vehicle Type', NULL, NULL, '648aeeb5691928514b3ed8b3')
            
2024-04-29 11:15:38.199317 root [DEBUG] 
                REPLACE INTO mgmtCarbon.EFtype VALUES (70, 'Refrigerants', '1', NULL, '1.399999976158142', 'category', 'refrigerantsUsed', 'Refrigerants Used', NULL, NULL, '6492c50940212a145edcc551')
            
2024-04-29 11:15:38.301011 root [DEBUG] 
                REPLACE INTO mgmtCarbon.EFtype VALUES (71, 'Fuel Type', '1', 'Enteric Fermentation', '1.5', 'category', 'fuelType', 'Fuel Type', NULL, NULL, '6493e1eef6199f463f7c1642')
            
2024-04-29 11:15:38.390311 root [DEBUG] 
                REPLACE INTO mgmtCarbon.EFtype VALUES (72, 'Fuel Type', '1', 'Manure Management', '1.5', 'category', 'fuelType', 'Fuel Type', NULL, NULL, '6493e1eef6199f463f7c1643')
            
2024-04-29 11:15:38.474063 root [DEBUG] 
                REPLACE INTO mgmtCarbon.EFtype VALUES (73, 'Fuel Type', '1', 'Forest land', '1.5', 'category', 'fuelType', 'Fuel Type', NULL, NULL, '6493e1eef6199f463f7c1644')
            
2024-04-29 11:15:38.557649 root [DEBUG] 
                REPLACE INTO mgmtCarbon.EFtype VALUES (74, 'Fuel Type', '1', 'Cropland', '1.5', 'category', 'fuelType', 'Fuel Type', NULL, NULL, '6493e1eef6199f463f7c1645')
            
2024-04-29 11:15:38.657426 root [DEBUG] 
                REPLACE INTO mgmtCarbon.EFtype VALUES (75, 'Fuel Type', '1', 'Land Converted to Cropland', '1.5', 'category', 'fuelType', 'Fuel Type', NULL, NULL, '6493e1eef6199f463f7c1646')
            
2024-04-29 11:15:38.746796 root [DEBUG] 
                REPLACE INTO mgmtCarbon.EFtype VALUES (76, 'Fuel Type', '1', 'Land Converted to Grassland', '1.5', 'category', 'fuelType', 'Fuel Type', NULL, NULL, '6493e1eef6199f463f7c1647')
            
2024-04-29 11:15:38.837475 root [DEBUG] 
                REPLACE INTO mgmtCarbon.EFtype VALUES (77, 'Fuel Type', '1', 'Wetlands', '1.5', 'category', 'fuelType', 'Fuel Type', NULL, NULL, '6493e1eef6199f463f7c1648')
            
2024-04-29 11:15:38.925864 root [DEBUG] 
                REPLACE INTO mgmtCarbon.EFtype VALUES (78, 'Employee Commuting', '3', NULL, '3.299999952316284', 'category', 'vehicleType', 'Vehicle Type', NULL, NULL, '64ab898be0b872f6ad0811aa')
            
2024-04-29 11:15:39.022386 root [DEBUG] 
                REPLACE INTO mgmtCarbon.EFtype VALUES (79, 'Fuel Type', '3', 'Scheduled Waste', '5.300000190734863', 'category', 'fuelType', 'Fuel Type', NULL, NULL, '64ab8998e0b872f6ad0811ac')
            
2024-04-29 11:15:39.108017 root [DEBUG] 
                REPLACE INTO mgmtCarbon.EFtype VALUES (80, 'Fuel Type', '3', 'Recycled', '5.300000190734863', 'category', 'fuelType', 'Fuel Type', NULL, NULL, '64ab8998e0b872f6ad0811ad')
            
2024-04-29 11:15:39.196740 root [DEBUG] 
                REPLACE INTO mgmtCarbon.EFtype VALUES (81, 'Mobile Combustion', '1', 'Fuel Use', '1.2000000476837158', 'category', 'fuelType', 'Fuel Type', NULL, NULL, '64ab89a3e0b872f6ad0811af')
            
2024-04-29 11:15:39.299902 root [DEBUG] 
                REPLACE INTO mgmtCarbon.EFtype VALUES (82, 'Location Based', '2', 'Grid Average/Location Based', '2.0999999046325684', 'category', 'calculateMethod', 'Location Based', NULL, NULL, '64ab89aee0b872f6ad0811b1')
            
2024-04-29 11:15:39.391530 root [DEBUG] 
                REPLACE INTO mgmtCarbon.EFtype VALUES (83, 'Refrigerants', '1', NULL, '1.399999976158142', 'category', 'refrigerantsUsed', 'Refrigerants Used', NULL, NULL, '64ab89bae0b872f6ad0811b3')
            
2024-04-29 11:15:39.482881 root [DEBUG] 
                REPLACE INTO mgmtCarbon.EFtype VALUES (84, 'Fuel Type', '1', 'Natural Gas', '1.100000023841858', 'category', 'fuelType', 'Fuel Type', NULL, NULL, '64ab89c7e0b872f6ad0811b5')
            
2024-04-29 11:15:39.569040 root [DEBUG] 
                REPLACE INTO mgmtCarbon.EFtype VALUES (85, 'Fuel Type', '1', 'Liquid fuels', '1.100000023841858', 'category', 'fuelType', 'Fuel Type', NULL, NULL, '64ab89c7e0b872f6ad0811b6')
            
2024-04-29 11:15:39.665737 root [DEBUG] 
                REPLACE INTO mgmtCarbon.EFtype VALUES (86, 'Fuel Type', '1', 'Biofuel', '1.100000023841858', 'category', 'fuelType', 'Fuel Type', NULL, NULL, '64ab89c7e0b872f6ad0811b7')
            
2024-04-29 11:15:39.757829 root [DEBUG] 
                REPLACE INTO mgmtCarbon.EFtype VALUES (87, 'Fuel Type', '1', 'Gaseous fuels', '1.100000023841858', 'category', 'fuelType', 'Fuel Type', NULL, NULL, '64ab89c7e0b872f6ad0811b8')
            
2024-04-29 11:15:39.847306 root [DEBUG] 
                REPLACE INTO mgmtCarbon.EFtype VALUES (88, 'Fuel Type', '1', 'Gaseous fuels', '1.100000023841858', 'category', 'fuelType', 'Fuel Type', NULL, NULL, '64ab89c7e0b872f6ad0811b9')
            
2024-04-29 11:15:39.929983 root [DEBUG] 
                REPLACE INTO mgmtCarbon.EFtype VALUES (89, 'Fuel Type', '1', 'Gaseous fuels', '1.100000023841858', 'category', 'fuelType', 'Fuel Type', NULL, NULL, '64ab89c7e0b872f6ad0811ba')
            
2024-04-29 11:15:40.023753 root [DEBUG] 
                REPLACE INTO mgmtCarbon.EFtype VALUES (90, 'Fuel Type', '3', 'City Supply', '4.300000190734863', 'category', 'fuelType', 'Fuel Type', NULL, NULL, '64ab8a0ce0b872f6ad0811bc')
            
2024-04-29 11:15:40.107503 root [DEBUG] 
                REPLACE INTO mgmtCarbon.EFtype VALUES (91, 'Fuel Type', '3', 'Physical Treatment Process', '4.300000190734863', 'category', 'fuelType', 'Fuel Type', NULL, NULL, '64ab8a0ce0b872f6ad0811bd')
            
2024-04-29 11:15:40.193538 root [DEBUG] 
                REPLACE INTO mgmtCarbon.EFtype VALUES (92, 'Fuel Type', '3', 'Scheduled Waste', '4.300000190734863', 'category', 'fuelType', 'Fuel Type', NULL, NULL, '64ab8a0ce0b872f6ad0811be')
            
2024-04-29 11:15:40.287510 root [DEBUG] 
                REPLACE INTO mgmtCarbon.EFtype VALUES (93, 'Fuel Type', '3', 'Recycled', '4.300000190734863', 'category', 'fuelType', 'Fuel Type', NULL, NULL, '64ab8a0ce0b872f6ad0811bf')
            
2024-04-29 11:15:40.347113 root [DEBUG] 
                REPLACE INTO mgmtCarbon.EFtype VALUES (94, 'Location Based', '2', 'Grid Average/Location Based', '2.0999999046325684', 'category', 'calculateMethod', 'Location Based', NULL, NULL, '64dc8162d78b64c3eb30bd6a')
            
2024-04-29 11:15:40.393645 root [DEBUG] 
                REPLACE INTO mgmtCarbon.EFtype VALUES (95, 'Mobile Combustion', '1', 'Fuel oil', '1.2000000476837158', 'category', 'fuelType', 'Fuel Type', NULL, NULL, '64d606e3e5d2d1ecc1b09871')
            
2024-04-29 11:15:40.464618 root [DEBUG] 
                REPLACE INTO mgmtCarbon.EFtype VALUES (96, 'Upstream T&D', '3', NULL, '3.0999999046325684', 'category', 'vehicleType', 'Vehicle Type', NULL, NULL, '64d9da5bb162190603e5fff6')
            
2024-04-29 11:15:40.550933 root [DEBUG] 
                REPLACE INTO mgmtCarbon.EFtype VALUES (97, 'Downstream T&D', '3', NULL, '3.200000047683716', 'category', 'vehicleType', 'Vehicle Type', NULL, NULL, '64d9da51b162190603e5fff5')
            
2024-04-29 11:15:40.647038 root [DEBUG] 
                REPLACE INTO mgmtCarbon.EFtype VALUES (98, 'Employee Commuting', '3', NULL, '3.299999952316284', 'category', 'vehicleType', 'Vehicle Type', NULL, NULL, '64d9da49b162190603e5fff4')
            
2024-04-29 11:15:40.745149 root [DEBUG] 
                REPLACE INTO mgmtCarbon.EFtype VALUES (99, 'Client and Visitor Transport', '3', NULL, '3.4000000953674316', 'category', 'purchasedGood', 'Purchased', NULL, NULL, '64dc8195d78b64c3eb30bd6b')
            
2024-04-29 11:15:40.831528 root [DEBUG] 
                REPLACE INTO mgmtCarbon.EFtype VALUES (100, 'Business Travel', '3', NULL, '3.5', 'category', 'vehicleType', 'Vehicle Type', NULL, NULL, '64d9da44b162190603e5fff3')
            
2024-04-29 11:15:40.922826 root [DEBUG] 
                REPLACE INTO mgmtCarbon.EFtype VALUES (101, 'Location Based', '2', 'Grid Average/Location Based', '2.0999999046325684', 'category', 'calculateMethod', 'Location Based', NULL, NULL, '64464130fbe1b86e2f17046b')
            
2024-04-29 11:15:40.985929 pymongo.serverSelection [DEBUG] {"message": "Server selection started", "selector": "<function any_server_selector at 0x7f3fe62eb7f0>", "operation": "getMore", "topologyDescription": "<TopologyDescription id: 662f10d3ce1acdcfeac9d197, topology_type: Single, servers: [<ServerDescription ('20.6.34.160', 27017) server_type: Standalone, rtt: 0.06307281000044895>]>", "clientId": {"$oid": "662f10d3ce1acdcfeac9d197"}}
2024-04-29 11:15:40.986720 pymongo.serverSelection [DEBUG] {"message": "Server selection succeeded", "selector": "<function any_server_selector at 0x7f3fe62eb7f0>", "operation": "getMore", "topologyDescription": "<TopologyDescription id: 662f10d3ce1acdcfeac9d197, topology_type: Single, servers: [<ServerDescription ('20.6.34.160', 27017) server_type: Standalone, rtt: 0.06307281000044895>]>", "clientId": {"$oid": "662f10d3ce1acdcfeac9d197"}, "serverHost": "20.6.34.160", "serverPort": 27017}
2024-04-29 11:15:40.987343 pymongo.command [DEBUG] {"clientId": {"$oid": "662f10d3ce1acdcfeac9d197"}, "message": "Command started", "command": "{\"getMore\": 6648263179958411907, \"collection\": \"cal_approaches\", \"lsid\": {\"id\": {\"$binary\": {\"base64\": \"sj9ecnYeTvqf+l1NX/v7eQ==\", \"subType\": \"04\"}}}, \"$db\": \"db_prod_v1\"}", "commandName": "getMore", "databaseName": "db_prod_v1", "requestId": 719885386, "operationId": 719885386, "driverConnectionId": 1, "serverConnectionId": 3300, "serverHost": "20.6.34.160", "serverPort": 27017}
2024-04-29 11:15:41.568699 pymongo.command [DEBUG] {"clientId": {"$oid": "662f10d3ce1acdcfeac9d197"}, "message": "Command succeeded", "durationMS": 581.3530000000001, "reply": "{\"cursor\": {\"nextBatch\": [{\"_id\": {\"$oid\": \"6539e8614b15539fa3f542fd\"}, \"type\": \"Fuel Type\", \"methods\": [{\"companyId\": {\"$oid\": \"64afa68acbcd5f89971909e9\"}, \"sourceOfEmission\": \"Boilers - Bitbinus coal\", \"co2Factor\": 1.7322558973884, \"ch4Factor\": 1.8025555644e-05, \"n2oFactor\": 2.7038333466e-05, \"baseUnit\": \"kg\", \"source\": \"ThaiWah\", \"urlName\": \"ThaiWah Emission Data\", \"sheetName\": \"Emission Factors\", \"file\": \"/upload/ef/ThaiWah_emission-data.xlsx\", \"link\": \"https://www.thaiwah.com/en/home\", \"emissionUnit\": \"kgCO\u2082\", \"ch4Unit\": \"kgCH\u2084\", \"n2oUnit\": \"kgN\u2082O\"}], \"scope\": \"scope1\", \"typeOfEmission\": \"Coal and Coke\", \"category\": \"Stationary Combustion\", \"categoryKey\": \"category\", \"nameKey\": \"fuelType\", \"sourceType\": \"Fuel Type\"}, {\"_id\": {\"$oid\": \"6539e8614b15539fa3f542fe\"}, \"type\": \"Fuel Type\", \"methods\": [{\"companyId\": {\"$oid\": \"64afa68acbcd5f89971909e9\"}, \"sourceOfEmission\": \"Boilers - C grade fuel oil\", \"co2Factor\": 3.2353401009425418, \"ch4Factor\": 0.00012540077910630005, \"n...", "commandName": "getMore", "databaseName": "db_prod_v1", "requestId": 719885386, "operationId": 719885386, "driverConnectionId": 1, "serverConnectionId": 3300, "serverHost": "20.6.34.160", "serverPort": 27017}
2024-04-29 11:15:41.590249 root [DEBUG] 
                REPLACE INTO mgmtCarbon.EFtype VALUES (102, 'Fuel Type', '1', 'Coal and Coke', '1.100000023841858', 'category', 'fuelType', 'Fuel Type', NULL, NULL, '6539e8614b15539fa3f542fd')
            
2024-04-29 11:15:41.669769 root [DEBUG] 
                REPLACE INTO mgmtCarbon.EFtype VALUES (103, 'Fuel Type', '1', 'Liquid fuels', '1.100000023841858', 'category', 'fuelType', 'Fuel Type', NULL, NULL, '6539e8614b15539fa3f542fe')
            
2024-04-29 11:15:41.748067 root [DEBUG] 
                REPLACE INTO mgmtCarbon.EFtype VALUES (104, 'Mobile Combustion', '1', 'Fuel Use', '1.2000000476837158', 'category', 'fuelType', 'Fuel Type', NULL, NULL, '6539e8614b15539fa3f542ff')
            
2024-04-29 11:15:41.827992 root [DEBUG] 
                REPLACE INTO mgmtCarbon.EFtype VALUES (105, 'Fuel Type', '1', 'Fire tank', '1.100000023841858', 'category', 'fuelType', 'Fuel Type', NULL, NULL, '6539e8614b15539fa3f54300')
            
2024-04-29 11:15:41.903991 root [DEBUG] 
                REPLACE INTO mgmtCarbon.EFtype VALUES (106, 'Fuel Type', '1', 'Chemical', '1.100000023841858', 'category', 'fuelType', 'Fuel Type', NULL, NULL, '6539e8614b15539fa3f54301')
            
2024-04-29 11:15:41.982400 root [DEBUG] 
                REPLACE INTO mgmtCarbon.EFtype VALUES (107, 'Fuel Type', '1', 'Bathrooms', '1.100000023841858', 'category', 'fuelType', 'Fuel Type', NULL, NULL, '6539e8614b15539fa3f54302')
            
2024-04-29 11:15:42.071464 root [DEBUG] 
                REPLACE INTO mgmtCarbon.EFtype VALUES (108, 'Fuel Type', '1', 'Waste Water', '1.100000023841858', 'category', 'fuelType', 'Fuel Type', NULL, NULL, '6539e8614b15539fa3f54303')
            
2024-04-29 11:15:42.155124 root [DEBUG] 
                REPLACE INTO mgmtCarbon.EFtype VALUES (109, 'Refrigerants', '1', NULL, '1.399999976158142', 'category', 'refrigerantsUsed', 'Refrigerants Used', NULL, NULL, '6539e8614b15539fa3f54304')
            
2024-04-29 11:15:42.234286 root [DEBUG] 
                REPLACE INTO mgmtCarbon.EFtype VALUES (110, 'Upstream T&D', '3', NULL, '3.0999999046325684', 'category', 'vehicleType', 'Vehicle Type', NULL, NULL, '6539e8614b15539fa3f54305')
            
2024-04-29 11:15:42.312883 root [DEBUG] 
                REPLACE INTO mgmtCarbon.EFtype VALUES (111, 'Downstream T&D', '3', NULL, '3.200000047683716', 'category', 'vehicleType', 'Vehicle Type', NULL, NULL, '6539e8614b15539fa3f54306')
            
2024-04-29 11:15:42.401144 root [DEBUG] 
                REPLACE INTO mgmtCarbon.EFtype VALUES (112, 'Employee Commuting', '3', NULL, '3.299999952316284', 'category', 'vehicleType', 'Vehicle Type', NULL, NULL, '6539e8614b15539fa3f54307')
            
2024-04-29 11:15:42.491895 root [DEBUG] 
                REPLACE INTO mgmtCarbon.EFtype VALUES (113, 'Purchased Goods', '3', 'Raw Materials', '4.099999904632568', 'category', 'purchasedGood', 'Purchased', NULL, NULL, '6539e8614b15539fa3f54308')
            
2024-04-29 11:15:42.579031 root [DEBUG] 
                REPLACE INTO mgmtCarbon.EFtype VALUES (114, 'Location Based', '2', 'Grid Average/Location Based', '2.0999999046325684', 'category', 'calculateMethod', 'Location Based', NULL, NULL, '648980c3f1c8d3dbd8d0a1a8')
            
2024-04-29 11:15:42.671663 root [DEBUG] 
                REPLACE INTO mgmtCarbon.EFtype VALUES (115, 'Fuel Type', '1', 'Petroleum Products', '1.100000023841858', 'category', 'fuelType', 'Fuel Type', NULL, NULL, '65791d45e3f4c7cb4228b322')
            
2024-04-29 11:15:42.759140 root [DEBUG] 
                REPLACE INTO mgmtCarbon.EFtype VALUES (116, 'Fuel Type', '1', 'Coal and Coke', '1.100000023841858', 'category', 'fuelType', 'Fuel Type', NULL, NULL, '65791d4fe3f4c7cb4228b323')
            
2024-04-29 11:15:42.850473 root [DEBUG] 
                REPLACE INTO mgmtCarbon.EFtype VALUES (117, 'Refrigerants', '1', NULL, '1.399999976158142', 'category', 'refrigerantsUsed', 'Refrigerants Used', NULL, NULL, '65791d57e3f4c7cb4228b324')
            
2024-04-29 11:15:42.960779 root [DEBUG] 
                REPLACE INTO mgmtCarbon.EFtype VALUES (118, 'Fuel Type', '1', 'Biomass Fuels - Gaseous', '1.100000023841858', 'category', 'fuelType', 'Fuel Type', NULL, NULL, '65791d68e3f4c7cb4228b325')
            
2024-04-29 11:15:43.045151 root [DEBUG] 
                REPLACE INTO mgmtCarbon.EFtype VALUES (119, 'Fuel Type', '1', 'Biomass Fuels - Kraft Pulping Liquor, by Wood Furnish', '1.100000023841858', 'category', 'fuelType', 'Fuel Type', NULL, NULL, '65791defe3f4c7cb4228b326')
            
2024-04-29 11:15:43.135946 root [DEBUG] 
                REPLACE INTO mgmtCarbon.EFtype VALUES (120, 'Mobile Combustion', '1', 'Fuel Use', '1.2000000476837158', 'category', 'fuelType', 'Fuel Type', NULL, NULL, '65791e30e3f4c7cb4228b327')
            
2024-04-29 11:15:43.236236 root [DEBUG] 
                REPLACE INTO mgmtCarbon.EFtype VALUES (121, 'Purchased Goods', '3', 'Water', '4.099999904632568', 'category', 'purchasedGood', 'Purchased', NULL, NULL, '6581461eb653067119aa18ba')
            
2024-04-29 11:15:43.329820 root [DEBUG] 
                REPLACE INTO mgmtCarbon.EFtype VALUES (122, 'Coal and Coke ', '1', 'Coal and Coke', '1.100000023841858', 'category', 'fuelType', 'Fuel Type', NULL, NULL, '65855d9c20cc732e5e2721b6')
            
2024-04-29 11:15:43.415102 root [DEBUG] 
                REPLACE INTO mgmtCarbon.EFtype VALUES (123, 'Other fuel', '1', 'Other fuel', '1.100000023841858', 'category', 'fuelType', 'Fuel Type', NULL, NULL, '65855d9c20cc732e5e2721b7')
            
2024-04-29 11:15:43.507412 root [DEBUG] 
                REPLACE INTO mgmtCarbon.EFtype VALUES (124, 'Fuel oil', '1', 'Fuel oil', '1.100000023841858', 'category', 'fuelType', 'Fuel Type', NULL, NULL, '65855d9c20cc732e5e2721b8')
            
2024-04-29 11:15:43.596068 root [DEBUG] 
                REPLACE INTO mgmtCarbon.EFtype VALUES (125, 'Fuel gas', '1', 'Fuel gas', '1.100000023841858', 'category', 'fuelType', 'Fuel Type', NULL, NULL, '65855d9c20cc732e5e2721b9')
            
2024-04-29 11:15:43.686831 root [DEBUG] 
                REPLACE INTO mgmtCarbon.EFtype VALUES (126, 'Refrigerants', '1', NULL, '1.399999976158142', 'category', 'refrigerantsUsed', 'Refrigerants Used', NULL, NULL, '659b741b43f11a2f3fc1d386')
            
2024-04-29 11:15:43.777801 root [DEBUG] 
                REPLACE INTO mgmtCarbon.EFtype VALUES (127, 'Fuel Type', '3', 'Water', '4.300000190734863', 'category', 'fuelType', 'Fuel Type', NULL, NULL, '65b7599147f83f5271928880')
            
2024-04-29 11:15:43.872888 root [DEBUG] 
                REPLACE INTO mgmtCarbon.EFtype VALUES (128, 'Refrigerants', '1', NULL, '1.399999976158142', 'category', 'refrigerantsUsed', 'Refrigerants Used', NULL, NULL, '65d7036874ebed296cb84cc7')
            
2024-04-29 11:15:43.965903 root [DEBUG] 
                REPLACE INTO mgmtCarbon.EFtype VALUES (129, 'Mobile Combustion', '1', 'Fuel Use', '1.2000000476837158', 'category', 'fuelType', 'Fuel Type', NULL, NULL, '65d709582a04b7e411ca0dd6')
            
2024-04-29 11:15:44.046134 root [DEBUG] 
                REPLACE INTO mgmtCarbon.EFtype VALUES (130, NULL, '3', '掩埋', '4.300000190734863', NULL, NULL, NULL, NULL, NULL, '660a09b45624ee9420515321')
            
2024-04-29 11:15:44.139123 root [DEBUG] 
                REPLACE INTO mgmtCarbon.EFtype VALUES (131, NULL, '3', '焚化', '4.300000190734863', NULL, NULL, NULL, NULL, NULL, '660a09ca5624ee9420515322')
            
2024-04-29 11:15:44.231492 root [DEBUG] 
                REPLACE INTO mgmtCarbon.EFtype VALUES (132, 'Location Based', '2', 'Grid Average/Location Based', '2.0999999046325684', 'category', 'calculateMethod', 'Location Based', NULL, NULL, '661605e47a67b28969d81ab5')
            
2024-04-29 11:15:44.329634 root [DEBUG] 
                REPLACE INTO mgmtCarbon.EFtype VALUES (133, 'Mobile Combustion', '1', 'Distance Activity', '1.2000000476837158', 'category', 'fuelType', 'Fuel Type', NULL, NULL, '661646c23fc5d0b6967f2006')
            
2024-04-29 11:15:44.414503 root [DEBUG] 
                REPLACE INTO mgmtCarbon.EFtype VALUES (134, 'Refrigerants', '1', 'null', '1.399999976158142', 'category', 'refrigerantsUsed', 'Refrigerants Used', NULL, NULL, '661646c83fc5d0b6967f2007')
            
2024-04-29 11:15:44.494617 root [DEBUG] 
                REPLACE INTO mgmtCarbon.EFtype VALUES (135, 'Fuel Type', '1', 'Biomass', '1.100000023841858', 'category', 'fuelType', 'Fuel Type', NULL, NULL, '661646d83fc5d0b6967f2009')
            
2024-04-29 11:15:44.578357 root [DEBUG] 
                REPLACE INTO mgmtCarbon.EFtype VALUES (136, 'Fuel Type', '1', 'Gaseous fuels', '1.100000023841858', 'category', 'fuelType', 'Fuel Type', NULL, NULL, '661646e23fc5d0b6967f200a')
            
2024-04-29 11:15:44.653360 root [DEBUG] 
                REPLACE INTO mgmtCarbon.EFtype VALUES (137, 'Fuel Type', '1', 'Liquid fuels', '1.100000023841858', 'category', 'fuelType', 'Fuel Type', NULL, NULL, '661646e83fc5d0b6967f200b')
            
2024-04-29 11:15:44.745324 root [DEBUG] 
                REPLACE INTO mgmtCarbon.EFtype VALUES (138, 'Fuel Type', '1', 'Solid fuels', '1.100000023841858', 'category', 'fuelType', 'Fuel Type', NULL, NULL, '661646ef3fc5d0b6967f200c')
            
2024-04-29 11:15:44.835823 root [DEBUG] 
                REPLACE INTO mgmtCarbon.EFtype VALUES (139, 'Fuel Type', '1', 'Biofuel', '1.100000023841858', 'category', 'fuelType', 'Fuel Type', NULL, NULL, '6618b4bc8dc7e21433918d54')
            
2024-04-29 11:15:44.930380 root [DEBUG] 
                REPLACE INTO mgmtCarbon.EFtype VALUES (140, 'Purchased Goods', '3', 'Closed-loop source', '4.099999904632568', 'category', 'purchasedGood', 'Purchased', NULL, NULL, '6618b5b48dc7e21433918d55')
            
2024-04-29 11:15:45.044949 root [DEBUG] 
                REPLACE INTO mgmtCarbon.EFtype VALUES (141, 'Purchased Goods', '3', 'Primary material production', '4.099999904632568', 'category', 'purchasedGood', 'Purchased', NULL, NULL, '6618b5ba8dc7e21433918d56')
            
2024-04-29 11:15:45.153360 root [DEBUG] 
                REPLACE INTO mgmtCarbon.EFtype VALUES (142, 'Purchased Goods', '3', 'Re-used', '4.099999904632568', 'category', 'purchasedGood', 'Purchased', NULL, NULL, '6618b5c08dc7e21433918d57')
            
2024-04-29 11:15:45.255512 root [DEBUG] 
                REPLACE INTO mgmtCarbon.EFtype VALUES (143, 'Purchased Goods', '3', 'Water', '4.099999904632568', 'category', 'purchasedGood', 'Purchased', NULL, NULL, '6618b5c68dc7e21433918d58')
            
2024-04-29 11:15:45.342119 root [DEBUG] 
                REPLACE INTO mgmtCarbon.EFtype VALUES (144, 'Fuel Type', '3', 'Anaerobic digestion', '4.300000190734863', 'category', 'fuelType', 'Fuel Type', NULL, NULL, '6618b5d18dc7e21433918d59')
            
2024-04-29 11:15:45.432544 root [DEBUG] 
                REPLACE INTO mgmtCarbon.EFtype VALUES (145, 'Fuel Type', '3', 'Closed-loop', '4.300000190734863', 'category', 'fuelType', 'Fuel Type', NULL, NULL, '6618b5d68dc7e21433918d5a')
            
2024-04-29 11:15:45.539701 root [DEBUG] 
                REPLACE INTO mgmtCarbon.EFtype VALUES (146, 'Fuel Type', '3', 'Combustion', '4.300000190734863', 'category', 'fuelType', 'Fuel Type', NULL, NULL, '6618b5dc8dc7e21433918d5b')
            
2024-04-29 11:15:45.631068 root [DEBUG] 
                REPLACE INTO mgmtCarbon.EFtype VALUES (147, 'Fuel Type', '3', 'Compost', '4.300000190734863', 'category', 'fuelType', 'Fuel Type', NULL, NULL, '6618b5e38dc7e21433918d5c')
            
2024-04-29 11:15:45.729086 root [DEBUG] 
                REPLACE INTO mgmtCarbon.EFtype VALUES (148, 'Fuel Type', '3', 'Landfill', '4.300000190734863', 'category', 'fuelType', 'Fuel Type', NULL, NULL, '6618b5eb8dc7e21433918d5d')
            
2024-04-29 11:15:45.818502 root [DEBUG] 
                REPLACE INTO mgmtCarbon.EFtype VALUES (149, 'Fuel Type', '3', 'Open-loop', '4.300000190734863', 'category', 'fuelType', 'Fuel Type', NULL, NULL, '6618b5f48dc7e21433918d5e')
            
2024-04-29 11:15:45.914225 root [DEBUG] 
                REPLACE INTO mgmtCarbon.EFtype VALUES (150, 'Fuel Type', '3', 'Water', '4.300000190734863', 'category', 'fuelType', 'Fuel Type', NULL, NULL, '6618b5fc8dc7e21433918d5f')
            
2024-04-29 11:15:46.004496 root [DEBUG] 
                REPLACE INTO mgmtCarbon.EFtype VALUES (151, 'Business Travel', '3', NULL, '3.5', 'category', 'vehicleType', 'Vehicle Type', NULL, NULL, '6618b6058dc7e21433918d60')
            
2024-04-29 11:15:46.088282 root [DEBUG] 
                REPLACE INTO mgmtCarbon.EFtype VALUES (152, 'Client and Visitor Transport', '3', NULL, '3.4000000953674316', 'category', 'vehicleType', 'Vehicle Type', NULL, NULL, '6618b6168dc7e21433918d62')
            
2024-04-29 11:15:46.188247 root [DEBUG] 
                REPLACE INTO mgmtCarbon.EFtype VALUES (153, 'Downstream T&D', '3', NULL, '3.200000047683716', 'category', 'vehicleType', 'Vehicle Type', NULL, NULL, '6618b61f8dc7e21433918d63')
            
2024-04-29 11:15:46.278842 root [DEBUG] 
                REPLACE INTO mgmtCarbon.EFtype VALUES (154, 'Employee Commuting', '3', NULL, '3.299999952316284', 'category', 'vehicleType', 'Vehicle Type', NULL, NULL, '6618b62a8dc7e21433918d64')
            
2024-04-29 11:15:46.385919 root [DEBUG] 
                REPLACE INTO mgmtCarbon.EFtype VALUES (155, 'Fuel Type', '3', 'Homeworking', '6.099999904632568', 'category', 'fuelType', 'Fuel Type', NULL, NULL, '6618b6318dc7e21433918d65')
            
2024-04-29 11:15:46.500647 root [DEBUG] 
                REPLACE INTO mgmtCarbon.EFtype VALUES (156, 'Upstream T&D', '3', NULL, '3.0999999046325684', 'category', 'vehicleType', 'Vehicle Type', NULL, NULL, '6618b6388dc7e21433918d66')
            
2024-04-29 11:15:46.618231 root [DEBUG] 
                REPLACE INTO mgmtCarbon.EFtype VALUES (157, 'Business Travel', '3', NULL, '3.5', 'category', 'vehicleType', 'Vehicle Type', NULL, NULL, '662b6e08db4f808bac8d5710')
            
